{"/Users/noot/Documents/communique/src/lib/congress/address-lookup.ts": {"path":"/Users/noot/Documents/communique/src/lib/congress/address-lookup.ts","statementMap":{"0":{"start":{"line":37,"column":8},"end":{"line":37,"column":null}},"1":{"start":{"line":38,"column":8},"end":{"line":40,"column":null}},"2":{"start":{"line":39,"column":12},"end":{"line":39,"column":null}},"3":{"start":{"line":49,"column":25},"end":{"line":49,"column":null}},"4":{"start":{"line":52,"column":37},"end":{"line":55,"column":null}},"5":{"start":{"line":57,"column":8},"end":{"line":61,"column":null}},"6":{"start":{"line":69,"column":8},"end":{"line":98,"column":null}},"7":{"start":{"line":71,"column":37},"end":{"line":71,"column":null}},"8":{"start":{"line":74,"column":32},"end":{"line":74,"column":null}},"9":{"start":{"line":75,"column":12},"end":{"line":78,"column":null}},"10":{"start":{"line":77,"column":16},"end":{"line":77,"column":null}},"11":{"start":{"line":80,"column":28},"end":{"line":80,"column":null}},"12":{"start":{"line":81,"column":27},"end":{"line":83,"column":null}},"13":{"start":{"line":85,"column":12},"end":{"line":87,"column":null}},"14":{"start":{"line":86,"column":16},"end":{"line":86,"column":null}},"15":{"start":{"line":89,"column":25},"end":{"line":89,"column":null}},"16":{"start":{"line":92,"column":29},"end":{"line":92,"column":null}},"17":{"start":{"line":93,"column":12},"end":{"line":93,"column":null}},"18":{"start":{"line":97,"column":12},"end":{"line":97,"column":null}},"19":{"start":{"line":105,"column":8},"end":{"line":134,"column":null}},"20":{"start":{"line":107,"column":30},"end":{"line":107,"column":null}},"21":{"start":{"line":109,"column":12},"end":{"line":121,"column":null}},"22":{"start":{"line":111,"column":30},"end":{"line":111,"column":null}},"23":{"start":{"line":112,"column":16},"end":{"line":120,"column":null}},"24":{"start":{"line":113,"column":55},"end":{"line":113,"column":null}},"25":{"start":{"line":114,"column":20},"end":{"line":119,"column":null}},"26":{"start":{"line":115,"column":24},"end":{"line":118,"column":null}},"27":{"start":{"line":124,"column":12},"end":{"line":127,"column":null}},"28":{"start":{"line":130,"column":12},"end":{"line":133,"column":null}},"29":{"start":{"line":142,"column":8},"end":{"line":157,"column":null}},"30":{"start":{"line":143,"column":42},"end":{"line":143,"column":null}},"31":{"start":{"line":144,"column":27},"end":{"line":144,"column":null}},"32":{"start":{"line":146,"column":12},"end":{"line":149,"column":null}},"33":{"start":{"line":152,"column":12},"end":{"line":152,"column":null}},"34":{"start":{"line":153,"column":12},"end":{"line":156,"column":null}},"35":{"start":{"line":164,"column":8},"end":{"line":200,"column":null}},"36":{"start":{"line":165,"column":28},"end":{"line":165,"column":null}},"37":{"start":{"line":166,"column":27},"end":{"line":168,"column":null}},"38":{"start":{"line":170,"column":12},"end":{"line":172,"column":null}},"39":{"start":{"line":171,"column":16},"end":{"line":171,"column":null}},"40":{"start":{"line":174,"column":25},"end":{"line":174,"column":null}},"41":{"start":{"line":175,"column":28},"end":{"line":175,"column":null}},"42":{"start":{"line":178,"column":29},"end":{"line":181,"column":null}},"43":{"start":{"line":179,"column":16},"end":{"line":180,"column":null}},"44":{"start":{"line":183,"column":12},"end":{"line":185,"column":null}},"45":{"start":{"line":184,"column":16},"end":{"line":184,"column":null}},"46":{"start":{"line":187,"column":12},"end":{"line":187,"column":null}},"47":{"start":{"line":191,"column":12},"end":{"line":199,"column":null}},"48":{"start":{"line":207,"column":8},"end":{"line":274,"column":null}},"49":{"start":{"line":208,"column":28},"end":{"line":208,"column":null}},"50":{"start":{"line":209,"column":27},"end":{"line":211,"column":null}},"51":{"start":{"line":213,"column":12},"end":{"line":215,"column":null}},"52":{"start":{"line":214,"column":16},"end":{"line":214,"column":null}},"53":{"start":{"line":217,"column":25},"end":{"line":217,"column":null}},"54":{"start":{"line":218,"column":28},"end":{"line":218,"column":null}},"55":{"start":{"line":221,"column":29},"end":{"line":224,"column":null}},"56":{"start":{"line":222,"column":41},"end":{"line":222,"column":95}},"57":{"start":{"line":224,"column":39},"end":{"line":224,"column":83}},"58":{"start":{"line":226,"column":12},"end":{"line":248,"column":null}},"59":{"start":{"line":228,"column":16},"end":{"line":247,"column":null}},"60":{"start":{"line":250,"column":12},"end":{"line":250,"column":null}},"61":{"start":{"line":254,"column":12},"end":{"line":273,"column":null}},"62":{"start":{"line":281,"column":8},"end":{"line":289,"column":null}},"63":{"start":{"line":296,"column":33},"end":{"line":296,"column":null}},"64":{"start":{"line":298,"column":8},"end":{"line":323,"column":null}},"65":{"start":{"line":300,"column":28},"end":{"line":300,"column":null}},"66":{"start":{"line":302,"column":12},"end":{"line":319,"column":null}},"67":{"start":{"line":303,"column":32},"end":{"line":303,"column":null}},"68":{"start":{"line":304,"column":31},"end":{"line":306,"column":null}},"69":{"start":{"line":308,"column":16},"end":{"line":311,"column":null}},"70":{"start":{"line":309,"column":20},"end":{"line":309,"column":null}},"71":{"start":{"line":310,"column":20},"end":{"line":310,"column":null}},"72":{"start":{"line":313,"column":29},"end":{"line":313,"column":null}},"73":{"start":{"line":314,"column":31},"end":{"line":314,"column":null}},"74":{"start":{"line":316,"column":16},"end":{"line":318,"column":null}},"75":{"start":{"line":317,"column":20},"end":{"line":317,"column":null}},"76":{"start":{"line":322,"column":12},"end":{"line":322,"column":null}},"77":{"start":{"line":325,"column":8},"end":{"line":328,"column":null}},"78":{"start":{"line":333,"column":29},"end":{"line":333,"column":null}}},"fnMap":{"0":{"name":"(anonymous_0)","decl":{"start":{"line":36,"column":4},"end":{"line":36,"column":18}},"loc":{"start":{"line":36,"column":18},"end":{"line":41,"column":null}}},"1":{"name":"(anonymous_1)","decl":{"start":{"line":47,"column":4},"end":{"line":47,"column":10}},"loc":{"start":{"line":47,"column":67},"end":{"line":62,"column":null}}},"2":{"name":"(anonymous_2)","decl":{"start":{"line":68,"column":4},"end":{"line":68,"column":18}},"loc":{"start":{"line":68,"column":86},"end":{"line":99,"column":null}}},"3":{"name":"(anonymous_3)","decl":{"start":{"line":104,"column":12},"end":{"line":104,"column":41}},"loc":{"start":{"line":104,"column":115},"end":{"line":135,"column":null}}},"4":{"name":"(anonymous_4)","decl":{"start":{"line":141,"column":4},"end":{"line":141,"column":18}},"loc":{"start":{"line":141,"column":92},"end":{"line":158,"column":null}}},"5":{"name":"(anonymous_5)","decl":{"start":{"line":163,"column":4},"end":{"line":163,"column":18}},"loc":{"start":{"line":163,"column":88},"end":{"line":201,"column":null}}},"6":{"name":"(anonymous_6)","decl":{"start":{"line":178,"column":42},"end":{"line":178,"column":43}},"loc":{"start":{"line":179,"column":16},"end":{"line":180,"column":null}}},"7":{"name":"(anonymous_7)","decl":{"start":{"line":206,"column":4},"end":{"line":206,"column":18}},"loc":{"start":{"line":206,"column":72},"end":{"line":275,"column":null}}},"8":{"name":"(anonymous_8)","decl":{"start":{"line":222,"column":24},"end":{"line":222,"column":25}},"loc":{"start":{"line":222,"column":41},"end":{"line":222,"column":95}}},"9":{"name":"(anonymous_9)","decl":{"start":{"line":224,"column":21},"end":{"line":224,"column":22}},"loc":{"start":{"line":224,"column":39},"end":{"line":224,"column":83}}},"10":{"name":"(anonymous_10)","decl":{"start":{"line":280,"column":12},"end":{"line":280,"column":33}},"loc":{"start":{"line":280,"column":91},"end":{"line":290,"column":null}}},"11":{"name":"(anonymous_11)","decl":{"start":{"line":295,"column":4},"end":{"line":295,"column":10}},"loc":{"start":{"line":295,"column":86},"end":{"line":329,"column":null}}}},"branchMap":{"0":{"loc":{"start":{"line":38,"column":8},"end":{"line":40,"column":null}},"type":"if","locations":[{"start":{"line":38,"column":8},"end":{"line":40,"column":null}},{"start":{},"end":{}}]},"1":{"loc":{"start":{"line":75,"column":12},"end":{"line":78,"column":null}},"type":"if","locations":[{"start":{"line":75,"column":12},"end":{"line":78,"column":null}},{"start":{},"end":{}}]},"2":{"loc":{"start":{"line":85,"column":12},"end":{"line":87,"column":null}},"type":"if","locations":[{"start":{"line":85,"column":12},"end":{"line":87,"column":null}},{"start":{},"end":{}}]},"3":{"loc":{"start":{"line":107,"column":30},"end":{"line":107,"column":null}},"type":"binary-expr","locations":[{"start":{"line":107,"column":30},"end":{"line":107,"column":53}},{"start":{"line":107,"column":53},"end":{"line":107,"column":null}}]},"4":{"loc":{"start":{"line":112,"column":16},"end":{"line":120,"column":null}},"type":"if","locations":[{"start":{"line":112,"column":16},"end":{"line":120,"column":null}},{"start":{},"end":{}}]},"5":{"loc":{"start":{"line":114,"column":20},"end":{"line":119,"column":null}},"type":"if","locations":[{"start":{"line":114,"column":20},"end":{"line":119,"column":null}},{"start":{},"end":{}}]},"6":{"loc":{"start":{"line":170,"column":12},"end":{"line":172,"column":null}},"type":"if","locations":[{"start":{"line":170,"column":12},"end":{"line":172,"column":null}},{"start":{},"end":{}}]},"7":{"loc":{"start":{"line":175,"column":28},"end":{"line":175,"column":null}},"type":"binary-expr","locations":[{"start":{"line":175,"column":28},"end":{"line":175,"column":44}},{"start":{"line":175,"column":44},"end":{"line":175,"column":null}}]},"8":{"loc":{"start":{"line":179,"column":16},"end":{"line":180,"column":null}},"type":"binary-expr","locations":[{"start":{"line":179,"column":16},"end":{"line":179,"column":null}},{"start":{"line":180,"column":16},"end":{"line":180,"column":null}}]},"9":{"loc":{"start":{"line":183,"column":12},"end":{"line":185,"column":null}},"type":"if","locations":[{"start":{"line":183,"column":12},"end":{"line":185,"column":null}},{"start":{},"end":{}}]},"10":{"loc":{"start":{"line":213,"column":12},"end":{"line":215,"column":null}},"type":"if","locations":[{"start":{"line":213,"column":12},"end":{"line":215,"column":null}},{"start":{},"end":{}}]},"11":{"loc":{"start":{"line":218,"column":28},"end":{"line":218,"column":null}},"type":"binary-expr","locations":[{"start":{"line":218,"column":28},"end":{"line":218,"column":44}},{"start":{"line":218,"column":44},"end":{"line":218,"column":null}}]},"12":{"loc":{"start":{"line":226,"column":12},"end":{"line":248,"column":null}},"type":"if","locations":[{"start":{"line":226,"column":12},"end":{"line":248,"column":null}},{"start":{},"end":{}}]},"13":{"loc":{"start":{"line":282,"column":24},"end":{"line":282,"column":null}},"type":"binary-expr","locations":[{"start":{"line":282,"column":24},"end":{"line":282,"column":45}},{"start":{"line":282,"column":45},"end":{"line":282,"column":null}}]},"14":{"loc":{"start":{"line":283,"column":18},"end":{"line":283,"column":null}},"type":"binary-expr","locations":[{"start":{"line":283,"column":18},"end":{"line":283,"column":33}},{"start":{"line":283,"column":33},"end":{"line":283,"column":null}}]},"15":{"loc":{"start":{"line":284,"column":19},"end":{"line":284,"column":null}},"type":"binary-expr","locations":[{"start":{"line":284,"column":19},"end":{"line":284,"column":39}},{"start":{"line":284,"column":39},"end":{"line":284,"column":null}}]},"16":{"loc":{"start":{"line":285,"column":19},"end":{"line":285,"column":null}},"type":"binary-expr","locations":[{"start":{"line":285,"column":19},"end":{"line":285,"column":35}},{"start":{"line":285,"column":35},"end":{"line":285,"column":null}}]},"17":{"loc":{"start":{"line":286,"column":22},"end":{"line":286,"column":null}},"type":"cond-expr","locations":[{"start":{"line":286,"column":45},"end":{"line":286,"column":53}},{"start":{"line":286,"column":53},"end":{"line":286,"column":null}}]},"18":{"loc":{"start":{"line":286,"column":53},"end":{"line":286,"column":null}},"type":"binary-expr","locations":[{"start":{"line":286,"column":53},"end":{"line":286,"column":72}},{"start":{"line":286,"column":72},"end":{"line":286,"column":null}}]},"19":{"loc":{"start":{"line":288,"column":24},"end":{"line":288,"column":null}},"type":"binary-expr","locations":[{"start":{"line":288,"column":24},"end":{"line":288,"column":45}},{"start":{"line":288,"column":45},"end":{"line":288,"column":null}}]},"20":{"loc":{"start":{"line":308,"column":16},"end":{"line":311,"column":null}},"type":"if","locations":[{"start":{"line":308,"column":16},"end":{"line":311,"column":null}},{"start":{},"end":{}}]},"21":{"loc":{"start":{"line":316,"column":16},"end":{"line":318,"column":null}},"type":"if","locations":[{"start":{"line":316,"column":16},"end":{"line":318,"column":null}},{"start":{},"end":{}}]}},"s":{"0":7,"1":7,"2":0,"3":2,"4":2,"5":2,"6":2,"7":2,"8":2,"9":2,"10":2,"11":0,"12":0,"13":0,"14":0,"15":0,"16":0,"17":0,"18":0,"19":0,"20":0,"21":0,"22":0,"23":0,"24":0,"25":0,"26":0,"27":0,"28":0,"29":2,"30":2,"31":2,"32":2,"33":0,"34":0,"35":2,"36":2,"37":2,"38":1,"39":0,"40":0,"41":0,"42":0,"43":0,"44":0,"45":0,"46":0,"47":2,"48":2,"49":2,"50":2,"51":2,"52":2,"53":0,"54":0,"55":0,"56":0,"57":0,"58":0,"59":0,"60":0,"61":2,"62":0,"63":2,"64":2,"65":2,"66":2,"67":2,"68":2,"69":2,"70":0,"71":0,"72":2,"73":2,"74":2,"75":1,"76":0,"77":2,"78":1},"f":{"0":7,"1":2,"2":2,"3":0,"4":2,"5":2,"6":0,"7":2,"8":0,"9":0,"10":0,"11":2},"b":{"0":[0,7],"1":[2,0],"2":[0,0],"3":[0,0],"4":[0,0],"5":[0,0],"6":[0,0],"7":[0,0],"8":[0,0],"9":[0,0],"10":[2,0],"11":[0,0],"12":[0,0],"13":[0,0],"14":[0,0],"15":[0,0],"16":[0,0],"17":[0,0],"18":[0,0],"19":[0,0],"20":[0,2],"21":[1,1]}}
,"/Users/noot/Documents/communique/src/lib/congress/cwc-generator.ts": {"path":"/Users/noot/Documents/communique/src/lib/congress/cwc-generator.ts","statementMap":{"0":{"start":{"line":44,"column":46},"end":{"line":44,"column":null}},"1":{"start":{"line":46,"column":14},"end":{"line":46,"column":null}},"2":{"start":{"line":47,"column":26},"end":{"line":47,"column":null}},"3":{"start":{"line":50,"column":42},"end":{"line":50,"column":null}},"4":{"start":{"line":51,"column":25},"end":{"line":51,"column":null}},"5":{"start":{"line":53,"column":20},"end":{"line":86,"column":null}},"6":{"start":{"line":91,"column":8},"end":{"line":91,"column":null}},"7":{"start":{"line":99,"column":24},"end":{"line":99,"column":null}},"8":{"start":{"line":101,"column":8},"end":{"line":107,"column":null}},"9":{"start":{"line":102,"column":12},"end":{"line":106,"column":null}},"10":{"start":{"line":114,"column":26},"end":{"line":114,"column":null}},"11":{"start":{"line":115,"column":21},"end":{"line":115,"column":null}},"12":{"start":{"line":116,"column":8},"end":{"line":116,"column":null}},"13":{"start":{"line":123,"column":14},"end":{"line":123,"column":null}},"14":{"start":{"line":124,"column":27},"end":{"line":124,"column":null}},"15":{"start":{"line":125,"column":8},"end":{"line":125,"column":null}},"16":{"start":{"line":132,"column":19},"end":{"line":132,"column":null}},"17":{"start":{"line":133,"column":8},"end":{"line":137,"column":null}},"18":{"start":{"line":133,"column":21},"end":{"line":133,"column":24}},"19":{"start":{"line":134,"column":25},"end":{"line":134,"column":null}},"20":{"start":{"line":135,"column":12},"end":{"line":135,"column":null}},"21":{"start":{"line":136,"column":12},"end":{"line":136,"column":null}},"22":{"start":{"line":138,"column":8},"end":{"line":138,"column":null}},"23":{"start":{"line":145,"column":8},"end":{"line":154,"column":null}},"24":{"start":{"line":146,"column":12},"end":{"line":153,"column":null}},"25":{"start":{"line":147,"column":26},"end":{"line":147,"column":null}},"26":{"start":{"line":148,"column":26},"end":{"line":148,"column":null}},"27":{"start":{"line":149,"column":26},"end":{"line":149,"column":null}},"28":{"start":{"line":150,"column":26},"end":{"line":150,"column":null}},"29":{"start":{"line":151,"column":26},"end":{"line":151,"column":null}},"30":{"start":{"line":152,"column":25},"end":{"line":152,"column":null}},"31":{"start":{"line":161,"column":33},"end":{"line":161,"column":null}},"32":{"start":{"line":164,"column":33},"end":{"line":171,"column":null}},"33":{"start":{"line":173,"column":8},"end":{"line":177,"column":null}},"34":{"start":{"line":174,"column":12},"end":{"line":176,"column":null}},"35":{"start":{"line":175,"column":16},"end":{"line":175,"column":null}},"36":{"start":{"line":179,"column":8},"end":{"line":182,"column":null}},"37":{"start":{"line":190,"column":31},"end":{"line":190,"column":null}},"38":{"start":{"line":192,"column":8},"end":{"line":194,"column":null}},"39":{"start":{"line":193,"column":12},"end":{"line":193,"column":null}},"40":{"start":{"line":196,"column":8},"end":{"line":198,"column":null}},"41":{"start":{"line":197,"column":12},"end":{"line":197,"column":null}},"42":{"start":{"line":200,"column":8},"end":{"line":202,"column":null}},"43":{"start":{"line":201,"column":12},"end":{"line":201,"column":null}},"44":{"start":{"line":205,"column":8},"end":{"line":205,"column":null}},"45":{"start":{"line":212,"column":31},"end":{"line":254,"column":null}},"46":{"start":{"line":256,"column":8},"end":{"line":260,"column":null}}},"fnMap":{"0":{"name":"(anonymous_0)","decl":{"start":{"line":43,"column":4},"end":{"line":43,"column":11}},"loc":{"start":{"line":43,"column":64},"end":{"line":92,"column":null}}},"1":{"name":"(anonymous_1)","decl":{"start":{"line":98,"column":4},"end":{"line":98,"column":11}},"loc":{"start":{"line":98,"column":73},"end":{"line":108,"column":null}}},"2":{"name":"(anonymous_2)","decl":{"start":{"line":101,"column":27},"end":{"line":101,"column":null}},"loc":{"start":{"line":102,"column":12},"end":{"line":106,"column":null}}},"3":{"name":"(anonymous_3)","decl":{"start":{"line":113,"column":4},"end":{"line":113,"column":11}},"loc":{"start":{"line":113,"column":96},"end":{"line":117,"column":null}}},"4":{"name":"(anonymous_4)","decl":{"start":{"line":122,"column":4},"end":{"line":122,"column":11}},"loc":{"start":{"line":122,"column":100},"end":{"line":126,"column":null}}},"5":{"name":"(anonymous_5)","decl":{"start":{"line":131,"column":4},"end":{"line":131,"column":11}},"loc":{"start":{"line":131,"column":43},"end":{"line":139,"column":null}}},"6":{"name":"(anonymous_6)","decl":{"start":{"line":144,"column":4},"end":{"line":144,"column":11}},"loc":{"start":{"line":144,"column":42},"end":{"line":155,"column":null}}},"7":{"name":"(anonymous_7)","decl":{"start":{"line":145,"column":39},"end":{"line":145,"column":40}},"loc":{"start":{"line":145,"column":49},"end":{"line":154,"column":9}}},"8":{"name":"(anonymous_8)","decl":{"start":{"line":160,"column":4},"end":{"line":160,"column":11}},"loc":{"start":{"line":160,"column":74},"end":{"line":183,"column":null}}},"9":{"name":"(anonymous_9)","decl":{"start":{"line":173,"column":33},"end":{"line":173,"column":44}},"loc":{"start":{"line":173,"column":44},"end":{"line":177,"column":9}}},"10":{"name":"(anonymous_10)","decl":{"start":{"line":188,"column":4},"end":{"line":188,"column":11}},"loc":{"start":{"line":188,"column":108},"end":{"line":206,"column":null}}},"11":{"name":"(anonymous_11)","decl":{"start":{"line":211,"column":4},"end":{"line":211,"column":11}},"loc":{"start":{"line":211,"column":58},"end":{"line":261,"column":null}}}},"branchMap":{"0":{"loc":{"start":{"line":50,"column":47},"end":{"line":50,"column":75}},"type":"binary-expr","locations":[{"start":{"line":50,"column":47},"end":{"line":50,"column":60}},{"start":{"line":50,"column":60},"end":{"line":50,"column":75}}]},"1":{"loc":{"start":{"line":51,"column":25},"end":{"line":51,"column":null}},"type":"binary-expr","locations":[{"start":{"line":51,"column":25},"end":{"line":51,"column":52}},{"start":{"line":51,"column":52},"end":{"line":51,"column":null}}]},"2":{"loc":{"start":{"line":78,"column":10},"end":{"line":78,"column":74}},"type":"cond-expr","locations":[{"start":{"line":78,"column":23},"end":{"line":78,"column":72}},{"start":{"line":78,"column":72},"end":{"line":78,"column":74}}]},"3":{"loc":{"start":{"line":82,"column":34},"end":{"line":82,"column":83}},"type":"binary-expr","locations":[{"start":{"line":82,"column":34},"end":{"line":82,"column":54}},{"start":{"line":82,"column":54},"end":{"line":82,"column":83}}]},"4":{"loc":{"start":{"line":146,"column":12},"end":{"line":153,"column":null}},"type":"switch","locations":[{"start":{"line":147,"column":16},"end":{"line":147,"column":null}},{"start":{"line":148,"column":16},"end":{"line":148,"column":null}},{"start":{"line":149,"column":16},"end":{"line":149,"column":null}},{"start":{"line":150,"column":16},"end":{"line":150,"column":null}},{"start":{"line":151,"column":16},"end":{"line":151,"column":null}},{"start":{"line":152,"column":16},"end":{"line":152,"column":null}}]},"5":{"loc":{"start":{"line":174,"column":12},"end":{"line":176,"column":null}},"type":"if","locations":[{"start":{"line":174,"column":12},"end":{"line":176,"column":null}},{"start":{},"end":{}}]},"6":{"loc":{"start":{"line":192,"column":8},"end":{"line":194,"column":null}},"type":"if","locations":[{"start":{"line":192,"column":8},"end":{"line":194,"column":null}},{"start":{},"end":{}}]},"7":{"loc":{"start":{"line":196,"column":8},"end":{"line":198,"column":null}},"type":"if","locations":[{"start":{"line":196,"column":8},"end":{"line":198,"column":null}},{"start":{},"end":{}}]},"8":{"loc":{"start":{"line":200,"column":8},"end":{"line":202,"column":null}},"type":"if","locations":[{"start":{"line":200,"column":8},"end":{"line":202,"column":null}},{"start":{},"end":{}}]}},"s":{"0":0,"1":0,"2":0,"3":0,"4":0,"5":0,"6":0,"7":0,"8":0,"9":0,"10":0,"11":0,"12":0,"13":0,"14":0,"15":0,"16":0,"17":0,"18":0,"19":0,"20":0,"21":0,"22":0,"23":0,"24":0,"25":0,"26":0,"27":0,"28":0,"29":0,"30":0,"31":0,"32":0,"33":0,"34":0,"35":0,"36":0,"37":0,"38":0,"39":0,"40":0,"41":0,"42":0,"43":0,"44":0,"45":0,"46":0},"f":{"0":0,"1":0,"2":0,"3":0,"4":0,"5":0,"6":0,"7":0,"8":0,"9":0,"10":0,"11":0},"b":{"0":[0,0],"1":[0,0],"2":[0,0],"3":[0,0],"4":[0,0,0,0,0,0],"5":[0,0],"6":[0,0],"7":[0,0],"8":[0,0]}}
,"/Users/noot/Documents/communique/src/lib/services/ai-suggestions.ts": {"path":"/Users/noot/Documents/communique/src/lib/services/ai-suggestions.ts","statementMap":{"0":{"start":{"line":38,"column":32},"end":{"line":38,"column":null}},"1":{"start":{"line":45,"column":8},"end":{"line":45,"column":null}},"2":{"start":{"line":77,"column":8},"end":{"line":77,"column":null}},"3":{"start":{"line":82,"column":44},"end":{"line":82,"column":null}},"4":{"start":{"line":84,"column":8},"end":{"line":108,"column":null}},"5":{"start":{"line":85,"column":12},"end":{"line":107,"column":null}},"6":{"start":{"line":110,"column":8},"end":{"line":110,"column":null}},"7":{"start":{"line":114,"column":34},"end":{"line":114,"column":null}},"8":{"start":{"line":116,"column":8},"end":{"line":123,"column":null}},"9":{"start":{"line":117,"column":12},"end":{"line":122,"column":null}},"10":{"start":{"line":125,"column":8},"end":{"line":125,"column":null}}},"fnMap":{"0":{"name":"(anonymous_0)","decl":{"start":{"line":30,"column":4},"end":{"line":30,"column":17}},"loc":{"start":{"line":34,"column":31},"end":{"line":46,"column":null}}},"1":{"name":"(anonymous_1)","decl":{"start":{"line":52,"column":4},"end":{"line":52,"column":17}},"loc":{"start":{"line":57,"column":21},"end":{"line":64,"column":null}}},"2":{"name":"(anonymous_2)","decl":{"start":{"line":70,"column":4},"end":{"line":70,"column":17}},"loc":{"start":{"line":74,"column":25},"end":{"line":78,"column":null}}},"3":{"name":"(anonymous_3)","decl":{"start":{"line":81,"column":4},"end":{"line":81,"column":19}},"loc":{"start":{"line":81,"column":129},"end":{"line":111,"column":null}}},"4":{"name":"(anonymous_4)","decl":{"start":{"line":113,"column":4},"end":{"line":113,"column":19}},"loc":{"start":{"line":113,"column":119},"end":{"line":126,"column":null}}},"5":{"name":"(anonymous_5)","decl":{"start":{"line":132,"column":4},"end":{"line":132,"column":17}},"loc":{"start":{"line":139,"column":21},"end":{"line":145,"column":null}}}},"branchMap":{"0":{"loc":{"start":{"line":84,"column":8},"end":{"line":108,"column":null}},"type":"if","locations":[{"start":{"line":84,"column":8},"end":{"line":108,"column":null}},{"start":{},"end":{}}]},"1":{"loc":{"start":{"line":116,"column":8},"end":{"line":123,"column":null}},"type":"if","locations":[{"start":{"line":116,"column":8},"end":{"line":123,"column":null}},{"start":{},"end":{}}]}},"s":{"0":0,"1":0,"2":0,"3":0,"4":0,"5":0,"6":0,"7":0,"8":0,"9":0,"10":0},"f":{"0":0,"1":0,"2":0,"3":0,"4":0,"5":0},"b":{"0":[0,0],"1":[0,0]}}
,"/Users/noot/Documents/communique/src/lib/services/emailService.ts": {"path":"/Users/noot/Documents/communique/src/lib/services/emailService.ts","statementMap":{"0":{"start":{"line":29,"column":1},"end":{"line":34,"column":null}},"1":{"start":{"line":30,"column":2},"end":{"line":33,"column":null}},"2":{"start":{"line":36,"column":25},"end":{"line":36,"column":null}},"3":{"start":{"line":37,"column":28},"end":{"line":37,"column":null}},"4":{"start":{"line":40,"column":1},"end":{"line":46,"column":null}},"5":{"start":{"line":41,"column":2},"end":{"line":45,"column":null}},"6":{"start":{"line":49,"column":19},"end":{"line":49,"column":null}},"7":{"start":{"line":50,"column":1},"end":{"line":55,"column":null}},"8":{"start":{"line":59,"column":17},"end":{"line":59,"column":null}},"9":{"start":{"line":60,"column":14},"end":{"line":60,"column":null}},"10":{"start":{"line":62,"column":1},"end":{"line":70,"column":null}},"11":{"start":{"line":64,"column":23},"end":{"line":64,"column":null}},"12":{"start":{"line":65,"column":2},"end":{"line":65,"column":null}},"13":{"start":{"line":68,"column":21},"end":{"line":68,"column":null}},"14":{"start":{"line":69,"column":2},"end":{"line":69,"column":null}},"15":{"start":{"line":74,"column":1},"end":{"line":74,"column":null}},"16":{"start":{"line":74,"column":12},"end":{"line":74,"column":null}},"17":{"start":{"line":76,"column":18},"end":{"line":76,"column":null}},"18":{"start":{"line":79,"column":1},"end":{"line":81,"column":null}},"19":{"start":{"line":80,"column":2},"end":{"line":80,"column":null}},"20":{"start":{"line":84,"column":1},"end":{"line":92,"column":null}},"21":{"start":{"line":85,"column":22},"end":{"line":85,"column":null}},"22":{"start":{"line":86,"column":2},"end":{"line":86,"column":null}},"23":{"start":{"line":89,"column":2},"end":{"line":89,"column":null}},"24":{"start":{"line":91,"column":2},"end":{"line":91,"column":null}},"25":{"start":{"line":95,"column":1},"end":{"line":95,"column":null}},"26":{"start":{"line":96,"column":1},"end":{"line":96,"column":null}},"27":{"start":{"line":99,"column":1},"end":{"line":99,"column":null}},"28":{"start":{"line":100,"column":1},"end":{"line":100,"column":null}},"29":{"start":{"line":103,"column":1},"end":{"line":103,"column":null}},"30":{"start":{"line":105,"column":1},"end":{"line":105,"column":null}},"31":{"start":{"line":109,"column":1},"end":{"line":109,"column":null}}},"fnMap":{"0":{"name":"analyzeEmailFlow","decl":{"start":{"line":27,"column":16},"end":{"line":27,"column":33}},"loc":{"start":{"line":27,"column":89},"end":{"line":56,"column":null}}},"1":{"name":"generateMailtoUrl","decl":{"start":{"line":58,"column":16},"end":{"line":58,"column":34}},"loc":{"start":{"line":58,"column":81},"end":{"line":71,"column":null}}},"2":{"name":"fillTemplateVariables","decl":{"start":{"line":73,"column":9},"end":{"line":73,"column":31}},"loc":{"start":{"line":73,"column":76},"end":{"line":106,"column":null}}},"3":{"name":"launchEmail","decl":{"start":{"line":108,"column":16},"end":{"line":108,"column":28}},"loc":{"start":{"line":108,"column":53},"end":{"line":110,"column":null}}}},"branchMap":{"0":{"loc":{"start":{"line":29,"column":1},"end":{"line":34,"column":null}},"type":"if","locations":[{"start":{"line":29,"column":1},"end":{"line":34,"column":null}},{"start":{},"end":{}}]},"1":{"loc":{"start":{"line":37,"column":28},"end":{"line":37,"column":null}},"type":"binary-expr","locations":[{"start":{"line":37,"column":28},"end":{"line":37,"column":43}},{"start":{"line":37,"column":43},"end":{"line":37,"column":56}},{"start":{"line":37,"column":56},"end":{"line":37,"column":70}},{"start":{"line":37,"column":70},"end":{"line":37,"column":null}}]},"2":{"loc":{"start":{"line":40,"column":1},"end":{"line":46,"column":null}},"type":"if","locations":[{"start":{"line":40,"column":1},"end":{"line":46,"column":null}},{"start":{},"end":{}}]},"3":{"loc":{"start":{"line":40,"column":5},"end":{"line":40,"column":45}},"type":"binary-expr","locations":[{"start":{"line":40,"column":5},"end":{"line":40,"column":24}},{"start":{"line":40,"column":24},"end":{"line":40,"column":45}}]},"4":{"loc":{"start":{"line":60,"column":55},"end":{"line":60,"column":79}},"type":"binary-expr","locations":[{"start":{"line":60,"column":55},"end":{"line":60,"column":75}},{"start":{"line":60,"column":75},"end":{"line":60,"column":79}}]},"5":{"loc":{"start":{"line":62,"column":1},"end":{"line":70,"column":null}},"type":"if","locations":[{"start":{"line":62,"column":1},"end":{"line":70,"column":null}},{"start":{"line":66,"column":8},"end":{"line":70,"column":null}}]},"6":{"loc":{"start":{"line":64,"column":50},"end":{"line":64,"column":68}},"type":"binary-expr","locations":[{"start":{"line":64,"column":50},"end":{"line":64,"column":62}},{"start":{"line":64,"column":62},"end":{"line":64,"column":68}}]},"7":{"loc":{"start":{"line":74,"column":1},"end":{"line":74,"column":null}},"type":"if","locations":[{"start":{"line":74,"column":1},"end":{"line":74,"column":null}},{"start":{},"end":{}}]},"8":{"loc":{"start":{"line":79,"column":1},"end":{"line":81,"column":null}},"type":"if","locations":[{"start":{"line":79,"column":1},"end":{"line":81,"column":null}},{"start":{},"end":{}}]},"9":{"loc":{"start":{"line":84,"column":1},"end":{"line":92,"column":null}},"type":"if","locations":[{"start":{"line":84,"column":1},"end":{"line":92,"column":null}},{"start":{"line":87,"column":8},"end":{"line":92,"column":null}}]},"10":{"loc":{"start":{"line":84,"column":5},"end":{"line":84,"column":57}},"type":"binary-expr","locations":[{"start":{"line":84,"column":5},"end":{"line":84,"column":20}},{"start":{"line":84,"column":20},"end":{"line":84,"column":33}},{"start":{"line":84,"column":33},"end":{"line":84,"column":47}},{"start":{"line":84,"column":47},"end":{"line":84,"column":57}}]}},"s":{"0":0,"1":0,"2":0,"3":0,"4":0,"5":0,"6":0,"7":0,"8":0,"9":0,"10":0,"11":0,"12":0,"13":0,"14":0,"15":0,"16":0,"17":0,"18":0,"19":0,"20":0,"21":0,"22":0,"23":0,"24":0,"25":0,"26":0,"27":0,"28":0,"29":0,"30":0,"31":0},"f":{"0":0,"1":0,"2":0,"3":0},"b":{"0":[0,0],"1":[0,0,0,0],"2":[0,0],"3":[0,0],"4":[0,0],"5":[0,0],"6":[0,0],"7":[0,0],"8":[0,0],"9":[0,0],"10":[0,0,0,0]}}
,"/Users/noot/Documents/communique/src/lib/services/geolocation.ts": {"path":"/Users/noot/Documents/communique/src/lib/services/geolocation.ts","statementMap":{"0":{"start":{"line":36,"column":8},"end":{"line":38,"column":null}},"1":{"start":{"line":37,"column":12},"end":{"line":37,"column":null}},"2":{"start":{"line":39,"column":8},"end":{"line":39,"column":null}},"3":{"start":{"line":51,"column":12},"end":{"line":51,"column":null}},"4":{"start":{"line":54,"column":8},"end":{"line":68,"column":null}},"5":{"start":{"line":55,"column":27},"end":{"line":59,"column":null}},"6":{"start":{"line":61,"column":12},"end":{"line":66,"column":null}},"7":{"start":{"line":71,"column":8},"end":{"line":82,"column":null}},"8":{"start":{"line":72,"column":12},"end":{"line":81,"column":null}},"9":{"start":{"line":73,"column":35},"end":{"line":73,"column":null}},"10":{"start":{"line":74,"column":16},"end":{"line":79,"column":null}},"11":{"start":{"line":84,"column":8},"end":{"line":84,"column":null}},"12":{"start":{"line":92,"column":8},"end":{"line":92,"column":null}},"13":{"start":{"line":99,"column":8},"end":{"line":117,"column":null}},"14":{"start":{"line":101,"column":28},"end":{"line":101,"column":null}},"15":{"start":{"line":102,"column":27},"end":{"line":102,"column":null}},"16":{"start":{"line":104,"column":12},"end":{"line":106,"column":null}},"17":{"start":{"line":105,"column":16},"end":{"line":105,"column":null}},"18":{"start":{"line":108,"column":25},"end":{"line":108,"column":null}},"19":{"start":{"line":110,"column":12},"end":{"line":114,"column":null}},"20":{"start":{"line":116,"column":12},"end":{"line":116,"column":null}},"21":{"start":{"line":124,"column":8},"end":{"line":139,"column":null}},"22":{"start":{"line":125,"column":28},"end":{"line":125,"column":null}},"23":{"start":{"line":126,"column":27},"end":{"line":126,"column":null}},"24":{"start":{"line":128,"column":12},"end":{"line":130,"column":null}},"25":{"start":{"line":129,"column":16},"end":{"line":129,"column":null}},"26":{"start":{"line":132,"column":25},"end":{"line":132,"column":null}},"27":{"start":{"line":134,"column":12},"end":{"line":136,"column":null}},"28":{"start":{"line":138,"column":12},"end":{"line":138,"column":null}},"29":{"start":{"line":150,"column":8},"end":{"line":169,"column":null}},"30":{"start":{"line":151,"column":12},"end":{"line":154,"column":null}},"31":{"start":{"line":152,"column":16},"end":{"line":152,"column":null}},"32":{"start":{"line":153,"column":16},"end":{"line":153,"column":null}},"33":{"start":{"line":156,"column":12},"end":{"line":168,"column":null}},"34":{"start":{"line":158,"column":20},"end":{"line":162,"column":null}},"35":{"start":{"line":165,"column":20},"end":{"line":165,"column":null}},"36":{"start":{"line":176,"column":8},"end":{"line":194,"column":null}},"37":{"start":{"line":178,"column":28},"end":{"line":178,"column":null}},"38":{"start":{"line":179,"column":27},"end":{"line":179,"column":null}},"39":{"start":{"line":181,"column":12},"end":{"line":183,"column":null}},"40":{"start":{"line":182,"column":16},"end":{"line":182,"column":null}},"41":{"start":{"line":185,"column":25},"end":{"line":185,"column":null}},"42":{"start":{"line":187,"column":12},"end":{"line":191,"column":null}},"43":{"start":{"line":193,"column":12},"end":{"line":193,"column":null}},"44":{"start":{"line":202,"column":8},"end":{"line":202,"column":null}},"45":{"start":{"line":202,"column":28},"end":{"line":202,"column":null}},"46":{"start":{"line":203,"column":8},"end":{"line":203,"column":null}},"47":{"start":{"line":203,"column":28},"end":{"line":203,"column":null}},"48":{"start":{"line":204,"column":8},"end":{"line":204,"column":null}},"49":{"start":{"line":204,"column":29},"end":{"line":204,"column":null}},"50":{"start":{"line":205,"column":8},"end":{"line":205,"column":null}},"51":{"start":{"line":205,"column":29},"end":{"line":205,"column":null}},"52":{"start":{"line":206,"column":8},"end":{"line":206,"column":null}},"53":{"start":{"line":206,"column":30},"end":{"line":206,"column":null}},"54":{"start":{"line":207,"column":8},"end":{"line":207,"column":null}},"55":{"start":{"line":217,"column":8},"end":{"line":219,"column":null}},"56":{"start":{"line":218,"column":12},"end":{"line":218,"column":null}},"57":{"start":{"line":221,"column":8},"end":{"line":241,"column":null}},"58":{"start":{"line":224,"column":12},"end":{"line":233,"column":null}},"59":{"start":{"line":225,"column":33},"end":{"line":228,"column":null}},"60":{"start":{"line":229,"column":16},"end":{"line":229,"column":null}},"61":{"start":{"line":230,"column":12},"end":{"line":233,"column":null}},"62":{"start":{"line":231,"column":33},"end":{"line":231,"column":null}},"63":{"start":{"line":232,"column":16},"end":{"line":232,"column":null}},"64":{"start":{"line":235,"column":26},"end":{"line":235,"column":null}},"65":{"start":{"line":236,"column":31},"end":{"line":236,"column":null}},"66":{"start":{"line":238,"column":12},"end":{"line":238,"column":null}},"67":{"start":{"line":240,"column":12},"end":{"line":240,"column":null}},"68":{"start":{"line":248,"column":27},"end":{"line":256,"column":null}},"69":{"start":{"line":259,"column":8},"end":{"line":259,"column":null}},"70":{"start":{"line":264,"column":27},"end":{"line":264,"column":null}}},"fnMap":{"0":{"name":"(anonymous_0)","decl":{"start":{"line":35,"column":4},"end":{"line":35,"column":18}},"loc":{"start":{"line":35,"column":52},"end":{"line":40,"column":null}}},"1":{"name":"(anonymous_1)","decl":{"start":{"line":45,"column":4},"end":{"line":45,"column":10}},"loc":{"start":{"line":45,"column":82},"end":{"line":85,"column":null}}},"2":{"name":"(anonymous_2)","decl":{"start":{"line":90,"column":4},"end":{"line":90,"column":10}},"loc":{"start":{"line":90,"column":59},"end":{"line":93,"column":null}}},"3":{"name":"(anonymous_3)","decl":{"start":{"line":98,"column":4},"end":{"line":98,"column":10}},"loc":{"start":{"line":98,"column":96},"end":{"line":118,"column":null}}},"4":{"name":"(anonymous_4)","decl":{"start":{"line":123,"column":4},"end":{"line":123,"column":10}},"loc":{"start":{"line":123,"column":75},"end":{"line":140,"column":null}}},"5":{"name":"(anonymous_5)","decl":{"start":{"line":145,"column":12},"end":{"line":145,"column":31}},"loc":{"start":{"line":149,"column":7},"end":{"line":170,"column":null}}},"6":{"name":"(anonymous_6)","decl":{"start":{"line":150,"column":27},"end":{"line":150,"column":28}},"loc":{"start":{"line":150,"column":48},"end":{"line":169,"column":9}}},"7":{"name":"(anonymous_7)","decl":{"start":{"line":157,"column":16},"end":{"line":157,"column":17}},"loc":{"start":{"line":157,"column":30},"end":{"line":163,"column":null}}},"8":{"name":"(anonymous_8)","decl":{"start":{"line":164,"column":16},"end":{"line":164,"column":17}},"loc":{"start":{"line":164,"column":27},"end":{"line":166,"column":null}}},"9":{"name":"(anonymous_9)","decl":{"start":{"line":175,"column":4},"end":{"line":175,"column":18}},"loc":{"start":{"line":175,"column":71},"end":{"line":195,"column":null}}},"10":{"name":"(anonymous_10)","decl":{"start":{"line":200,"column":12},"end":{"line":200,"column":40}},"loc":{"start":{"line":200,"column":66},"end":{"line":208,"column":null}}},"11":{"name":"(anonymous_11)","decl":{"start":{"line":213,"column":4},"end":{"line":213,"column":10}},"loc":{"start":{"line":216,"column":55},"end":{"line":242,"column":null}}},"12":{"name":"(anonymous_12)","decl":{"start":{"line":247,"column":4},"end":{"line":247,"column":32}},"loc":{"start":{"line":247,"column":67},"end":{"line":260,"column":null}}}},"branchMap":{"0":{"loc":{"start":{"line":36,"column":8},"end":{"line":38,"column":null}},"type":"if","locations":[{"start":{"line":36,"column":8},"end":{"line":38,"column":null}},{"start":{},"end":{}}]},"1":{"loc":{"start":{"line":45,"column":22},"end":{"line":45,"column":82}},"type":"default-arg","locations":[{"start":{"line":45,"column":52},"end":{"line":45,"column":82}}]},"2":{"loc":{"start":{"line":47,"column":12},"end":{"line":47,"column":null}},"type":"default-arg","locations":[{"start":{"line":47,"column":33},"end":{"line":47,"column":null}}]},"3":{"loc":{"start":{"line":48,"column":12},"end":{"line":48,"column":null}},"type":"default-arg","locations":[{"start":{"line":48,"column":22},"end":{"line":48,"column":null}}]},"4":{"loc":{"start":{"line":49,"column":12},"end":{"line":49,"column":null}},"type":"default-arg","locations":[{"start":{"line":49,"column":25},"end":{"line":49,"column":null}}]},"5":{"loc":{"start":{"line":50,"column":12},"end":{"line":50,"column":null}},"type":"default-arg","locations":[{"start":{"line":50,"column":27},"end":{"line":50,"column":null}}]},"6":{"loc":{"start":{"line":71,"column":8},"end":{"line":82,"column":null}},"type":"if","locations":[{"start":{"line":71,"column":8},"end":{"line":82,"column":null}},{"start":{},"end":{}}]},"7":{"loc":{"start":{"line":104,"column":12},"end":{"line":106,"column":null}},"type":"if","locations":[{"start":{"line":104,"column":12},"end":{"line":106,"column":null}},{"start":{},"end":{}}]},"8":{"loc":{"start":{"line":128,"column":12},"end":{"line":130,"column":null}},"type":"if","locations":[{"start":{"line":128,"column":12},"end":{"line":130,"column":null}},{"start":{},"end":{}}]},"9":{"loc":{"start":{"line":151,"column":12},"end":{"line":154,"column":null}},"type":"if","locations":[{"start":{"line":151,"column":12},"end":{"line":154,"column":null}},{"start":{},"end":{}}]},"10":{"loc":{"start":{"line":181,"column":12},"end":{"line":183,"column":null}},"type":"if","locations":[{"start":{"line":181,"column":12},"end":{"line":183,"column":null}},{"start":{},"end":{}}]},"11":{"loc":{"start":{"line":202,"column":8},"end":{"line":202,"column":null}},"type":"if","locations":[{"start":{"line":202,"column":8},"end":{"line":202,"column":null}},{"start":{},"end":{}}]},"12":{"loc":{"start":{"line":203,"column":8},"end":{"line":203,"column":null}},"type":"if","locations":[{"start":{"line":203,"column":8},"end":{"line":203,"column":null}},{"start":{},"end":{}}]},"13":{"loc":{"start":{"line":204,"column":8},"end":{"line":204,"column":null}},"type":"if","locations":[{"start":{"line":204,"column":8},"end":{"line":204,"column":null}},{"start":{},"end":{}}]},"14":{"loc":{"start":{"line":205,"column":8},"end":{"line":205,"column":null}},"type":"if","locations":[{"start":{"line":205,"column":8},"end":{"line":205,"column":null}},{"start":{},"end":{}}]},"15":{"loc":{"start":{"line":206,"column":8},"end":{"line":206,"column":null}},"type":"if","locations":[{"start":{"line":206,"column":8},"end":{"line":206,"column":null}},{"start":{},"end":{}}]},"16":{"loc":{"start":{"line":217,"column":8},"end":{"line":219,"column":null}},"type":"if","locations":[{"start":{"line":217,"column":8},"end":{"line":219,"column":null}},{"start":{},"end":{}}]},"17":{"loc":{"start":{"line":224,"column":12},"end":{"line":233,"column":null}},"type":"if","locations":[{"start":{"line":224,"column":12},"end":{"line":233,"column":null}},{"start":{"line":230,"column":12},"end":{"line":233,"column":null}}]},"18":{"loc":{"start":{"line":230,"column":12},"end":{"line":233,"column":null}},"type":"if","locations":[{"start":{"line":230,"column":12},"end":{"line":233,"column":null}},{"start":{},"end":{}}]},"19":{"loc":{"start":{"line":236,"column":31},"end":{"line":236,"column":null}},"type":"cond-expr","locations":[{"start":{"line":236,"column":39},"end":{"line":236,"column":61}},{"start":{"line":236,"column":61},"end":{"line":236,"column":null}}]},"20":{"loc":{"start":{"line":250,"column":12},"end":{"line":252,"column":null}},"type":"cond-expr","locations":[{"start":{"line":251,"column":16},"end":{"line":251,"column":null}},{"start":{"line":252,"column":16},"end":{"line":252,"column":null}}]},"21":{"loc":{"start":{"line":253,"column":12},"end":{"line":253,"column":null}},"type":"binary-expr","locations":[{"start":{"line":253,"column":12},"end":{"line":253,"column":37}},{"start":{"line":253,"column":37},"end":{"line":253,"column":null}}]}},"s":{"0":0,"1":0,"2":0,"3":0,"4":0,"5":0,"6":0,"7":0,"8":0,"9":0,"10":0,"11":0,"12":0,"13":0,"14":0,"15":0,"16":0,"17":0,"18":0,"19":0,"20":0,"21":0,"22":0,"23":0,"24":0,"25":0,"26":0,"27":0,"28":0,"29":0,"30":0,"31":0,"32":0,"33":0,"34":0,"35":0,"36":0,"37":0,"38":0,"39":0,"40":0,"41":0,"42":0,"43":0,"44":0,"45":0,"46":0,"47":0,"48":0,"49":0,"50":0,"51":0,"52":0,"53":0,"54":0,"55":0,"56":0,"57":0,"58":0,"59":0,"60":0,"61":0,"62":0,"63":0,"64":0,"65":0,"66":0,"67":0,"68":0,"69":0,"70":0},"f":{"0":0,"1":0,"2":0,"3":0,"4":0,"5":0,"6":0,"7":0,"8":0,"9":0,"10":0,"11":0,"12":0},"b":{"0":[0,0],"1":[0],"2":[0],"3":[0],"4":[0],"5":[0],"6":[0,0],"7":[0,0],"8":[0,0],"9":[0,0],"10":[0,0],"11":[0,0],"12":[0,0],"13":[0,0],"14":[0,0],"15":[0,0],"16":[0,0],"17":[0,0],"18":[0,0],"19":[0,0],"20":[0,0],"21":[0,0]}}
,"/Users/noot/Documents/communique/src/lib/services/personalization.ts": {"path":"/Users/noot/Documents/communique/src/lib/services/personalization.ts","statementMap":{"0":{"start":{"line":4,"column":82},"end":{"line":9,"column":null}},"1":{"start":{"line":5,"column":24},"end":{"line":5,"column":null}},"2":{"start":{"line":6,"column":27},"end":{"line":6,"column":null}},"3":{"start":{"line":7,"column":44},"end":{"line":7,"column":null}},"4":{"start":{"line":8,"column":35},"end":{"line":8,"column":null}},"5":{"start":{"line":20,"column":20},"end":{"line":20,"column":null}},"6":{"start":{"line":23,"column":1},"end":{"line":46,"column":null}},"7":{"start":{"line":24,"column":16},"end":{"line":24,"column":null}},"8":{"start":{"line":25,"column":21},"end":{"line":25,"column":null}},"9":{"start":{"line":28,"column":21},"end":{"line":28,"column":null}},"10":{"start":{"line":30,"column":22},"end":{"line":30,"column":null}},"11":{"start":{"line":32,"column":2},"end":{"line":45,"column":null}},"12":{"start":{"line":34,"column":3},"end":{"line":34,"column":null}},"13":{"start":{"line":37,"column":19},"end":{"line":37,"column":null}},"14":{"start":{"line":38,"column":3},"end":{"line":44,"column":null}},"15":{"start":{"line":40,"column":4},"end":{"line":40,"column":null}},"16":{"start":{"line":43,"column":4},"end":{"line":43,"column":null}},"17":{"start":{"line":49,"column":30},"end":{"line":49,"column":null}},"18":{"start":{"line":50,"column":1},"end":{"line":50,"column":null}},"19":{"start":{"line":53,"column":31},"end":{"line":53,"column":null}},"20":{"start":{"line":54,"column":1},"end":{"line":54,"column":null}},"21":{"start":{"line":58,"column":1},"end":{"line":58,"column":null}},"22":{"start":{"line":60,"column":1},"end":{"line":60,"column":null}},"23":{"start":{"line":67,"column":4},"end":{"line":67,"column":null}}},"fnMap":{"0":{"name":"(anonymous_0)","decl":{"start":{"line":5,"column":14},"end":{"line":5,"column":15}},"loc":{"start":{"line":5,"column":24},"end":{"line":5,"column":null}}},"1":{"name":"(anonymous_1)","decl":{"start":{"line":6,"column":17},"end":{"line":6,"column":18}},"loc":{"start":{"line":6,"column":27},"end":{"line":6,"column":null}}},"2":{"name":"(anonymous_2)","decl":{"start":{"line":7,"column":29},"end":{"line":7,"column":30}},"loc":{"start":{"line":7,"column":44},"end":{"line":7,"column":null}}},"3":{"name":"(anonymous_3)","decl":{"start":{"line":8,"column":29},"end":{"line":8,"column":35}},"loc":{"start":{"line":8,"column":35},"end":{"line":8,"column":null}}},"4":{"name":"resolveVariables","decl":{"start":{"line":19,"column":16},"end":{"line":19,"column":33}},"loc":{"start":{"line":19,"column":89},"end":{"line":61,"column":null}}},"5":{"name":"escapeRegExp","decl":{"start":{"line":66,"column":9},"end":{"line":66,"column":22}},"loc":{"start":{"line":66,"column":46},"end":{"line":68,"column":null}}}},"branchMap":{"0":{"loc":{"start":{"line":5,"column":24},"end":{"line":5,"column":null}},"type":"binary-expr","locations":[{"start":{"line":5,"column":24},"end":{"line":5,"column":37}},{"start":{"line":5,"column":37},"end":{"line":5,"column":null}}]},"1":{"loc":{"start":{"line":6,"column":27},"end":{"line":6,"column":null}},"type":"binary-expr","locations":[{"start":{"line":6,"column":27},"end":{"line":6,"column":104}},{"start":{"line":6,"column":104},"end":{"line":6,"column":null}}]},"2":{"loc":{"start":{"line":7,"column":44},"end":{"line":7,"column":null}},"type":"binary-expr","locations":[{"start":{"line":7,"column":44},"end":{"line":7,"column":57}},{"start":{"line":7,"column":57},"end":{"line":7,"column":null}}]},"3":{"loc":{"start":{"line":32,"column":2},"end":{"line":45,"column":null}},"type":"if","locations":[{"start":{"line":32,"column":2},"end":{"line":45,"column":null}},{"start":{"line":35,"column":9},"end":{"line":45,"column":null}}]},"4":{"loc":{"start":{"line":38,"column":3},"end":{"line":44,"column":null}},"type":"if","locations":[{"start":{"line":38,"column":3},"end":{"line":44,"column":null}},{"start":{"line":41,"column":10},"end":{"line":44,"column":null}}]}},"s":{"0":0,"1":0,"2":0,"3":0,"4":0,"5":0,"6":0,"7":0,"8":0,"9":0,"10":0,"11":0,"12":0,"13":0,"14":0,"15":0,"16":0,"17":0,"18":0,"19":0,"20":0,"21":0,"22":0,"23":0},"f":{"0":0,"1":0,"2":0,"3":0,"4":0,"5":0},"b":{"0":[0,0],"1":[0,0],"2":[0,0],"3":[0,0],"4":[0,0]}}
,"/Users/noot/Documents/communique/src/lib/services/zipDistrictLookup.ts": {"path":"/Users/noot/Documents/communique/src/lib/services/zipDistrictLookup.ts","statementMap":{"0":{"start":{"line":14,"column":60},"end":{"line":14,"column":null}},"1":{"start":{"line":15,"column":23},"end":{"line":15,"column":null}},"2":{"start":{"line":21,"column":8},"end":{"line":21,"column":null}},"3":{"start":{"line":21,"column":27},"end":{"line":21,"column":null}},"4":{"start":{"line":23,"column":8},"end":{"line":58,"column":null}},"5":{"start":{"line":24,"column":29},"end":{"line":24,"column":null}},"6":{"start":{"line":25,"column":12},"end":{"line":27,"column":null}},"7":{"start":{"line":26,"column":16},"end":{"line":26,"column":null}},"8":{"start":{"line":29,"column":28},"end":{"line":29,"column":null}},"9":{"start":{"line":30,"column":26},"end":{"line":30,"column":null}},"10":{"start":{"line":33,"column":12},"end":{"line":50,"column":null}},"11":{"start":{"line":33,"column":25},"end":{"line":33,"column":28}},"12":{"start":{"line":34,"column":59},"end":{"line":34,"column":null}},"13":{"start":{"line":34,"column":88},"end":{"line":34,"column":96}},"14":{"start":{"line":36,"column":16},"end":{"line":49,"column":null}},"15":{"start":{"line":37,"column":54},"end":{"line":42,"column":null}},"16":{"start":{"line":45,"column":20},"end":{"line":47,"column":null}},"17":{"start":{"line":46,"column":24},"end":{"line":46,"column":null}},"18":{"start":{"line":48,"column":20},"end":{"line":48,"column":null}},"19":{"start":{"line":52,"column":12},"end":{"line":52,"column":null}},"20":{"start":{"line":53,"column":12},"end":{"line":53,"column":null}},"21":{"start":{"line":56,"column":12},"end":{"line":56,"column":null}},"22":{"start":{"line":57,"column":12},"end":{"line":57,"column":null}},"23":{"start":{"line":71,"column":8},"end":{"line":71,"column":null}},"24":{"start":{"line":74,"column":25},"end":{"line":74,"column":null}},"25":{"start":{"line":76,"column":24},"end":{"line":76,"column":null}},"26":{"start":{"line":78,"column":8},"end":{"line":85,"column":null}},"27":{"start":{"line":80,"column":12},"end":{"line":84,"column":null}},"28":{"start":{"line":88,"column":32},"end":{"line":90,"column":null}},"29":{"start":{"line":89,"column":32},"end":{"line":89,"column":82}},"30":{"start":{"line":92,"column":8},"end":{"line":100,"column":null}},"31":{"start":{"line":94,"column":32},"end":{"line":94,"column":null}},"32":{"start":{"line":95,"column":12},"end":{"line":99,"column":null}},"33":{"start":{"line":102,"column":8},"end":{"line":110,"column":null}},"34":{"start":{"line":104,"column":27},"end":{"line":104,"column":null}},"35":{"start":{"line":105,"column":12},"end":{"line":109,"column":null}},"36":{"start":{"line":113,"column":31},"end":{"line":113,"column":null}},"37":{"start":{"line":114,"column":8},"end":{"line":117,"column":null}},"38":{"start":{"line":115,"column":29},"end":{"line":115,"column":null}},"39":{"start":{"line":116,"column":12},"end":{"line":116,"column":null}},"40":{"start":{"line":120,"column":25},"end":{"line":120,"column":null}},"41":{"start":{"line":121,"column":23},"end":{"line":121,"column":null}},"42":{"start":{"line":122,"column":8},"end":{"line":127,"column":null}},"43":{"start":{"line":123,"column":12},"end":{"line":126,"column":null}},"44":{"start":{"line":124,"column":16},"end":{"line":124,"column":null}},"45":{"start":{"line":125,"column":16},"end":{"line":125,"column":null}},"46":{"start":{"line":129,"column":29},"end":{"line":131,"column":null}},"47":{"start":{"line":130,"column":25},"end":{"line":130,"column":41}},"48":{"start":{"line":133,"column":8},"end":{"line":138,"column":null}},"49":{"start":{"line":145,"column":8},"end":{"line":145,"column":null}},"50":{"start":{"line":146,"column":25},"end":{"line":146,"column":null}},"51":{"start":{"line":147,"column":8},"end":{"line":147,"column":null}},"52":{"start":{"line":152,"column":33},"end":{"line":152,"column":null}}},"fnMap":{"0":{"name":"(anonymous_0)","decl":{"start":{"line":20,"column":4},"end":{"line":20,"column":10}},"loc":{"start":{"line":20,"column":36},"end":{"line":59,"column":null}}},"1":{"name":"(anonymous_1)","decl":{"start":{"line":34,"column":83},"end":{"line":34,"column":88}},"loc":{"start":{"line":34,"column":88},"end":{"line":34,"column":96}}},"2":{"name":"(anonymous_2)","decl":{"start":{"line":65,"column":4},"end":{"line":65,"column":10}},"loc":{"start":{"line":70,"column":7},"end":{"line":139,"column":null}}},"3":{"name":"(anonymous_3)","decl":{"start":{"line":89,"column":27},"end":{"line":89,"column":32}},"loc":{"start":{"line":89,"column":32},"end":{"line":89,"column":82}}},"4":{"name":"(anonymous_4)","decl":{"start":{"line":130,"column":20},"end":{"line":130,"column":25}},"loc":{"start":{"line":130,"column":25},"end":{"line":130,"column":41}}},"5":{"name":"(anonymous_5)","decl":{"start":{"line":144,"column":4},"end":{"line":144,"column":10}},"loc":{"start":{"line":144,"column":73},"end":{"line":148,"column":null}}}},"branchMap":{"0":{"loc":{"start":{"line":21,"column":8},"end":{"line":21,"column":null}},"type":"if","locations":[{"start":{"line":21,"column":8},"end":{"line":21,"column":null}},{"start":{},"end":{}}]},"1":{"loc":{"start":{"line":25,"column":12},"end":{"line":27,"column":null}},"type":"if","locations":[{"start":{"line":25,"column":12},"end":{"line":27,"column":null}},{"start":{},"end":{}}]},"2":{"loc":{"start":{"line":36,"column":16},"end":{"line":49,"column":null}},"type":"if","locations":[{"start":{"line":36,"column":16},"end":{"line":49,"column":null}},{"start":{},"end":{}}]},"3":{"loc":{"start":{"line":36,"column":20},"end":{"line":36,"column":46}},"type":"binary-expr","locations":[{"start":{"line":36,"column":20},"end":{"line":36,"column":28}},{"start":{"line":36,"column":28},"end":{"line":36,"column":42}},{"start":{"line":36,"column":42},"end":{"line":36,"column":46}}]},"4":{"loc":{"start":{"line":45,"column":20},"end":{"line":47,"column":null}},"type":"if","locations":[{"start":{"line":45,"column":20},"end":{"line":47,"column":null}},{"start":{},"end":{}}]},"5":{"loc":{"start":{"line":78,"column":8},"end":{"line":85,"column":null}},"type":"if","locations":[{"start":{"line":78,"column":8},"end":{"line":85,"column":null}},{"start":{},"end":{}}]},"6":{"loc":{"start":{"line":78,"column":12},"end":{"line":78,"column":46}},"type":"binary-expr","locations":[{"start":{"line":78,"column":12},"end":{"line":78,"column":24}},{"start":{"line":78,"column":24},"end":{"line":78,"column":46}}]},"7":{"loc":{"start":{"line":81,"column":23},"end":{"line":81,"column":null}},"type":"binary-expr","locations":[{"start":{"line":81,"column":23},"end":{"line":81,"column":47}},{"start":{"line":81,"column":47},"end":{"line":81,"column":null}}]},"8":{"loc":{"start":{"line":88,"column":32},"end":{"line":90,"column":null}},"type":"cond-expr","locations":[{"start":{"line":89,"column":12},"end":{"line":89,"column":null}},{"start":{"line":90,"column":12},"end":{"line":90,"column":null}}]},"9":{"loc":{"start":{"line":92,"column":8},"end":{"line":100,"column":null}},"type":"if","locations":[{"start":{"line":92,"column":8},"end":{"line":100,"column":null}},{"start":{},"end":{}}]},"10":{"loc":{"start":{"line":102,"column":8},"end":{"line":110,"column":null}},"type":"if","locations":[{"start":{"line":102,"column":8},"end":{"line":110,"column":null}},{"start":{},"end":{}}]},"11":{"loc":{"start":{"line":116,"column":42},"end":{"line":116,"column":79}},"type":"binary-expr","locations":[{"start":{"line":116,"column":42},"end":{"line":116,"column":74}},{"start":{"line":116,"column":74},"end":{"line":116,"column":79}}]},"12":{"loc":{"start":{"line":123,"column":12},"end":{"line":126,"column":null}},"type":"if","locations":[{"start":{"line":123,"column":12},"end":{"line":126,"column":null}},{"start":{},"end":{}}]},"13":{"loc":{"start":{"line":147,"column":15},"end":{"line":147,"column":null}},"type":"binary-expr","locations":[{"start":{"line":147,"column":15},"end":{"line":147,"column":49}},{"start":{"line":147,"column":49},"end":{"line":147,"column":null}}]}},"s":{"0":1,"1":1,"2":15,"3":7,"4":8,"5":8,"6":7,"7":0,"8":7,"9":7,"10":7,"11":7,"12":30,"13":120,"14":30,"15":30,"16":30,"17":24,"18":30,"19":7,"20":7,"21":1,"22":1,"23":5,"24":5,"25":5,"26":5,"27":1,"28":4,"29":5,"30":4,"31":0,"32":0,"33":4,"34":3,"35":3,"36":1,"37":1,"38":2,"39":2,"40":1,"41":1,"42":1,"43":2,"44":1,"45":1,"46":1,"47":2,"48":1,"49":1,"50":1,"51":1,"52":1},"f":{"0":15,"1":120,"2":5,"3":5,"4":2,"5":1},"b":{"0":[7,8],"1":[0,7],"2":[30,0],"3":[30,30,30],"4":[24,6],"5":[1,4],"6":[5,4],"7":[1,0],"8":[4,0],"9":[0,4],"10":[3,1],"11":[2,2],"12":[1,1],"13":[1,0]}}
,"/Users/noot/Documents/communique/src/routes/api/address/lookup/+server.ts": {"path":"/Users/noot/Documents/communique/src/routes/api/address/lookup/+server.ts","statementMap":{"0":{"start":{"line":6,"column":36},"end":{"line":82,"column":null}},"1":{"start":{"line":7,"column":4},"end":{"line":81,"column":null}},"2":{"start":{"line":8,"column":21},"end":{"line":8,"column":null}},"3":{"start":{"line":9,"column":45},"end":{"line":9,"column":null}},"4":{"start":{"line":12,"column":8},"end":{"line":14,"column":null}},"5":{"start":{"line":13,"column":12},"end":{"line":13,"column":null}},"6":{"start":{"line":17,"column":24},"end":{"line":22,"column":null}},"7":{"start":{"line":25,"column":8},"end":{"line":27,"column":null}},"8":{"start":{"line":26,"column":12},"end":{"line":26,"column":null}},"9":{"start":{"line":30,"column":8},"end":{"line":32,"column":null}},"10":{"start":{"line":31,"column":12},"end":{"line":31,"column":null}},"11":{"start":{"line":37,"column":25},"end":{"line":37,"column":null}},"12":{"start":{"line":40,"column":8},"end":{"line":62,"column":null}},"13":{"start":{"line":52,"column":56},"end":{"line":58,"column":18}},"14":{"start":{"line":67,"column":8},"end":{"line":69,"column":null}},"15":{"start":{"line":68,"column":12},"end":{"line":68,"column":null}},"16":{"start":{"line":71,"column":8},"end":{"line":78,"column":null}},"17":{"start":{"line":72,"column":12},"end":{"line":74,"column":null}},"18":{"start":{"line":73,"column":16},"end":{"line":73,"column":null}},"19":{"start":{"line":75,"column":12},"end":{"line":77,"column":null}},"20":{"start":{"line":76,"column":16},"end":{"line":76,"column":null}},"21":{"start":{"line":80,"column":8},"end":{"line":80,"column":null}},"22":{"start":{"line":85,"column":35},"end":{"line":145,"column":null}},"23":{"start":{"line":86,"column":4},"end":{"line":144,"column":null}},"24":{"start":{"line":87,"column":22},"end":{"line":87,"column":null}},"25":{"start":{"line":88,"column":25},"end":{"line":88,"column":null}},"26":{"start":{"line":90,"column":8},"end":{"line":92,"column":null}},"27":{"start":{"line":91,"column":12},"end":{"line":91,"column":null}},"28":{"start":{"line":94,"column":8},"end":{"line":96,"column":null}},"29":{"start":{"line":95,"column":12},"end":{"line":95,"column":null}},"30":{"start":{"line":99,"column":25},"end":{"line":124,"column":null}},"31":{"start":{"line":126,"column":8},"end":{"line":135,"column":null}},"32":{"start":{"line":139,"column":8},"end":{"line":141,"column":null}},"33":{"start":{"line":140,"column":12},"end":{"line":140,"column":null}},"34":{"start":{"line":143,"column":8},"end":{"line":143,"column":null}}},"fnMap":{"0":{"name":"(anonymous_0)","decl":{"start":{"line":6,"column":36},"end":{"line":6,"column":43}},"loc":{"start":{"line":6,"column":59},"end":{"line":82,"column":null}}},"1":{"name":"(anonymous_1)","decl":{"start":{"line":52,"column":44},"end":{"line":52,"column":56}},"loc":{"start":{"line":52,"column":56},"end":{"line":58,"column":18}}},"2":{"name":"(anonymous_2)","decl":{"start":{"line":85,"column":35},"end":{"line":85,"column":42}},"loc":{"start":{"line":85,"column":54},"end":{"line":145,"column":null}}}},"branchMap":{"0":{"loc":{"start":{"line":12,"column":8},"end":{"line":14,"column":null}},"type":"if","locations":[{"start":{"line":12,"column":8},"end":{"line":14,"column":null}},{"start":{},"end":{}}]},"1":{"loc":{"start":{"line":12,"column":12},"end":{"line":12,"column":48}},"type":"binary-expr","locations":[{"start":{"line":12,"column":12},"end":{"line":12,"column":23}},{"start":{"line":12,"column":23},"end":{"line":12,"column":32}},{"start":{"line":12,"column":32},"end":{"line":12,"column":42}},{"start":{"line":12,"column":42},"end":{"line":12,"column":48}}]},"2":{"loc":{"start":{"line":25,"column":8},"end":{"line":27,"column":null}},"type":"if","locations":[{"start":{"line":25,"column":8},"end":{"line":27,"column":null}},{"start":{},"end":{}}]},"3":{"loc":{"start":{"line":30,"column":8},"end":{"line":32,"column":null}},"type":"if","locations":[{"start":{"line":30,"column":8},"end":{"line":32,"column":null}},{"start":{},"end":{}}]},"4":{"loc":{"start":{"line":67,"column":8},"end":{"line":69,"column":null}},"type":"if","locations":[{"start":{"line":67,"column":8},"end":{"line":69,"column":null}},{"start":{},"end":{}}]},"5":{"loc":{"start":{"line":67,"column":12},"end":{"line":67,"column":63}},"type":"binary-expr","locations":[{"start":{"line":67,"column":12},"end":{"line":67,"column":19}},{"start":{"line":67,"column":19},"end":{"line":67,"column":46}},{"start":{"line":67,"column":46},"end":{"line":67,"column":63}}]},"6":{"loc":{"start":{"line":71,"column":8},"end":{"line":78,"column":null}},"type":"if","locations":[{"start":{"line":71,"column":8},"end":{"line":78,"column":null}},{"start":{},"end":{}}]},"7":{"loc":{"start":{"line":72,"column":12},"end":{"line":74,"column":null}},"type":"if","locations":[{"start":{"line":72,"column":12},"end":{"line":74,"column":null}},{"start":{},"end":{}}]},"8":{"loc":{"start":{"line":75,"column":12},"end":{"line":77,"column":null}},"type":"if","locations":[{"start":{"line":75,"column":12},"end":{"line":77,"column":null}},{"start":{},"end":{}}]},"9":{"loc":{"start":{"line":90,"column":8},"end":{"line":92,"column":null}},"type":"if","locations":[{"start":{"line":90,"column":8},"end":{"line":92,"column":null}},{"start":{},"end":{}}]},"10":{"loc":{"start":{"line":94,"column":8},"end":{"line":96,"column":null}},"type":"if","locations":[{"start":{"line":94,"column":8},"end":{"line":96,"column":null}},{"start":{},"end":{}}]},"11":{"loc":{"start":{"line":139,"column":8},"end":{"line":141,"column":null}},"type":"if","locations":[{"start":{"line":139,"column":8},"end":{"line":141,"column":null}},{"start":{},"end":{}}]},"12":{"loc":{"start":{"line":139,"column":12},"end":{"line":139,"column":63}},"type":"binary-expr","locations":[{"start":{"line":139,"column":12},"end":{"line":139,"column":19}},{"start":{"line":139,"column":19},"end":{"line":139,"column":46}},{"start":{"line":139,"column":46},"end":{"line":139,"column":63}}]}},"s":{"0":1,"1":5,"2":5,"3":5,"4":5,"5":1,"6":4,"7":4,"8":1,"9":3,"10":1,"11":2,"12":1,"13":1,"14":4,"15":3,"16":1,"17":1,"18":1,"19":0,"20":0,"21":0,"22":1,"23":3,"24":3,"25":3,"26":3,"27":1,"28":2,"29":1,"30":1,"31":1,"32":2,"33":2,"34":0},"f":{"0":5,"1":1,"2":3},"b":{"0":[1,4],"1":[5,5,5,4],"2":[1,3],"3":[1,2],"4":[3,1],"5":[4,4,4],"6":[1,0],"7":[1,0],"8":[0,0],"9":[1,2],"10":[1,1],"11":[2,0],"12":[2,2,2]}}
,"/Users/noot/Documents/communique/src/routes/api/address/verify/+server.ts": {"path":"/Users/noot/Documents/communique/src/routes/api/address/verify/+server.ts","statementMap":{"0":{"start":{"line":6,"column":1},"end":{"line":73,"column":null}},"1":{"start":{"line":7,"column":43},"end":{"line":7,"column":null}},"2":{"start":{"line":10,"column":2},"end":{"line":15,"column":null}},"3":{"start":{"line":11,"column":3},"end":{"line":14,"column":null}},"4":{"start":{"line":18,"column":19},"end":{"line":18,"column":null}},"5":{"start":{"line":19,"column":2},"end":{"line":24,"column":null}},"6":{"start":{"line":20,"column":3},"end":{"line":23,"column":null}},"7":{"start":{"line":27,"column":22},"end":{"line":27,"column":null}},"8":{"start":{"line":30,"column":20},"end":{"line":30,"column":null}},"9":{"start":{"line":32,"column":19},"end":{"line":32,"column":null}},"10":{"start":{"line":34,"column":2},"end":{"line":36,"column":null}},"11":{"start":{"line":35,"column":3},"end":{"line":35,"column":null}},"12":{"start":{"line":38,"column":21},"end":{"line":38,"column":null}},"13":{"start":{"line":41,"column":2},"end":{"line":46,"column":null}},"14":{"start":{"line":42,"column":3},"end":{"line":45,"column":null}},"15":{"start":{"line":48,"column":16},"end":{"line":48,"column":null}},"16":{"start":{"line":51,"column":27},"end":{"line":51,"column":null}},"17":{"start":{"line":54,"column":19},"end":{"line":54,"column":null}},"18":{"start":{"line":55,"column":26},"end":{"line":55,"column":null}},"19":{"start":{"line":57,"column":2},"end":{"line":65,"column":null}},"20":{"start":{"line":68,"column":2},"end":{"line":68,"column":null}},"21":{"start":{"line":69,"column":2},"end":{"line":72,"column":null}},"22":{"start":{"line":80,"column":1},"end":{"line":97,"column":null}},"23":{"start":{"line":82,"column":33},"end":{"line":82,"column":null}},"24":{"start":{"line":83,"column":2},"end":{"line":90,"column":null}},"25":{"start":{"line":84,"column":14},"end":{"line":84,"column":null}},"26":{"start":{"line":85,"column":3},"end":{"line":88,"column":null}},"27":{"start":{"line":87,"column":4},"end":{"line":87,"column":null}},"28":{"start":{"line":89,"column":3},"end":{"line":89,"column":null}},"29":{"start":{"line":93,"column":2},"end":{"line":93,"column":null}},"30":{"start":{"line":96,"column":2},"end":{"line":96,"column":null}},"31":{"start":{"line":107,"column":1},"end":{"line":129,"column":null}}},"fnMap":{"0":{"name":"POST","decl":{"start":{"line":5,"column":22},"end":{"line":5,"column":27}},"loc":{"start":{"line":5,"column":40},"end":{"line":74,"column":null}}},"1":{"name":"extractCongressionalDistrictFromCensus","decl":{"start":{"line":79,"column":9},"end":{"line":79,"column":48}},"loc":{"start":{"line":79,"column":89},"end":{"line":98,"column":null}}},"2":{"name":"createRepresentativesFromDistrict","decl":{"start":{"line":104,"column":9},"end":{"line":104,"column":43}},"loc":{"start":{"line":104,"column":76},"end":{"line":130,"column":null}}}},"branchMap":{"0":{"loc":{"start":{"line":10,"column":2},"end":{"line":15,"column":null}},"type":"if","locations":[{"start":{"line":10,"column":2},"end":{"line":15,"column":null}},{"start":{},"end":{}}]},"1":{"loc":{"start":{"line":10,"column":6},"end":{"line":10,"column":46}},"type":"binary-expr","locations":[{"start":{"line":10,"column":6},"end":{"line":10,"column":17}},{"start":{"line":10,"column":17},"end":{"line":10,"column":26}},{"start":{"line":10,"column":26},"end":{"line":10,"column":36}},{"start":{"line":10,"column":36},"end":{"line":10,"column":46}}]},"2":{"loc":{"start":{"line":19,"column":2},"end":{"line":24,"column":null}},"type":"if","locations":[{"start":{"line":19,"column":2},"end":{"line":24,"column":null}},{"start":{},"end":{}}]},"3":{"loc":{"start":{"line":34,"column":2},"end":{"line":36,"column":null}},"type":"if","locations":[{"start":{"line":34,"column":2},"end":{"line":36,"column":null}},{"start":{},"end":{}}]},"4":{"loc":{"start":{"line":41,"column":2},"end":{"line":46,"column":null}},"type":"if","locations":[{"start":{"line":41,"column":2},"end":{"line":46,"column":null}},{"start":{},"end":{}}]},"5":{"loc":{"start":{"line":51,"column":27},"end":{"line":51,"column":null}},"type":"binary-expr","locations":[{"start":{"line":51,"column":27},"end":{"line":51,"column":51}},{"start":{"line":51,"column":51},"end":{"line":51,"column":null}}]},"6":{"loc":{"start":{"line":83,"column":2},"end":{"line":90,"column":null}},"type":"if","locations":[{"start":{"line":83,"column":2},"end":{"line":90,"column":null}},{"start":{},"end":{}}]},"7":{"loc":{"start":{"line":83,"column":6},"end":{"line":83,"column":67}},"type":"binary-expr","locations":[{"start":{"line":83,"column":6},"end":{"line":83,"column":32}},{"start":{"line":83,"column":32},"end":{"line":83,"column":67}}]},"8":{"loc":{"start":{"line":85,"column":3},"end":{"line":88,"column":null}},"type":"if","locations":[{"start":{"line":85,"column":3},"end":{"line":88,"column":null}},{"start":{},"end":{}}]}},"s":{"0":7,"1":7,"2":7,"3":1,"4":6,"5":6,"6":1,"7":5,"8":5,"9":5,"10":3,"11":0,"12":3,"13":3,"14":1,"15":2,"16":2,"17":2,"18":2,"19":2,"20":2,"21":2,"22":2,"23":2,"24":2,"25":2,"26":2,"27":1,"28":1,"29":0,"30":0,"31":2},"f":{"0":7,"1":2,"2":2},"b":{"0":[1,6],"1":[7,7,7,7],"2":[1,5],"3":[0,3],"4":[1,2],"5":[2,0],"6":[2,0],"7":[2,2],"8":[1,1]}}
,"/Users/noot/Documents/communique/src/routes/api/analytics/track/+server.ts": {"path":"/Users/noot/Documents/communique/src/routes/api/analytics/track/+server.ts","statementMap":{"0":{"start":{"line":7,"column":36},"end":{"line":30,"column":null}},"1":{"start":{"line":8,"column":1},"end":{"line":29,"column":null}},"2":{"start":{"line":9,"column":32},"end":{"line":9,"column":null}},"3":{"start":{"line":12,"column":48},"end":{"line":18,"column":null}},"4":{"start":{"line":21,"column":2},"end":{"line":21,"column":null}},"5":{"start":{"line":24,"column":2},"end":{"line":24,"column":null}},"6":{"start":{"line":26,"column":2},"end":{"line":26,"column":null}},"7":{"start":{"line":28,"column":2},"end":{"line":28,"column":null}},"8":{"start":{"line":33,"column":1},"end":{"line":73,"column":null}},"9":{"start":{"line":37,"column":2},"end":{"line":71,"column":null}},"10":{"start":{"line":39,"column":20},"end":{"line":41,"column":null}},"11":{"start":{"line":43,"column":3},"end":{"line":70,"column":null}},"12":{"start":{"line":44,"column":27},"end":{"line":44,"column":null}},"13":{"start":{"line":45,"column":27},"end":{"line":45,"column":null}},"14":{"start":{"line":48,"column":4},"end":{"line":64,"column":null}},"15":{"start":{"line":50,"column":6},"end":{"line":50,"column":null}},"16":{"start":{"line":51,"column":6},"end":{"line":51,"column":null}},"17":{"start":{"line":53,"column":6},"end":{"line":53,"column":null}},"18":{"start":{"line":54,"column":6},"end":{"line":54,"column":null}},"19":{"start":{"line":56,"column":6},"end":{"line":56,"column":null}},"20":{"start":{"line":57,"column":6},"end":{"line":57,"column":null}},"21":{"start":{"line":59,"column":6},"end":{"line":59,"column":null}},"22":{"start":{"line":60,"column":6},"end":{"line":60,"column":null}},"23":{"start":{"line":62,"column":6},"end":{"line":62,"column":null}},"24":{"start":{"line":63,"column":6},"end":{"line":63,"column":null}},"25":{"start":{"line":66,"column":4},"end":{"line":69,"column":null}},"26":{"start":{"line":97,"column":1},"end":{"line":102,"column":null}}},"fnMap":{"0":{"name":"(anonymous_0)","decl":{"start":{"line":7,"column":36},"end":{"line":7,"column":43}},"loc":{"start":{"line":7,"column":85},"end":{"line":30,"column":null}}},"1":{"name":"storeAnalyticsEvent","decl":{"start":{"line":32,"column":15},"end":{"line":32,"column":35}},"loc":{"start":{"line":32,"column":66},"end":{"line":74,"column":null}}},"2":{"name":"forwardToExternalAnalytics","decl":{"start":{"line":76,"column":15},"end":{"line":76,"column":42}},"loc":{"start":{"line":76,"column":73},"end":{"line":103,"column":null}}}},"branchMap":{"0":{"loc":{"start":{"line":15,"column":15},"end":{"line":15,"column":null}},"type":"binary-expr","locations":[{"start":{"line":15,"column":15},"end":{"line":15,"column":52}},{"start":{"line":15,"column":52},"end":{"line":15,"column":null}}]},"1":{"loc":{"start":{"line":16,"column":12},"end":{"line":16,"column":null}},"type":"binary-expr","locations":[{"start":{"line":16,"column":12},"end":{"line":16,"column":31}},{"start":{"line":16,"column":31},"end":{"line":16,"column":null}}]},"2":{"loc":{"start":{"line":37,"column":2},"end":{"line":71,"column":null}},"type":"if","locations":[{"start":{"line":37,"column":2},"end":{"line":71,"column":null}},{"start":{},"end":{}}]},"3":{"loc":{"start":{"line":43,"column":3},"end":{"line":70,"column":null}},"type":"if","locations":[{"start":{"line":43,"column":3},"end":{"line":70,"column":null}},{"start":{},"end":{}}]},"4":{"loc":{"start":{"line":48,"column":4},"end":{"line":64,"column":null}},"type":"switch","locations":[{"start":{"line":49,"column":5},"end":{"line":51,"column":null}},{"start":{"line":52,"column":5},"end":{"line":54,"column":null}},{"start":{"line":55,"column":5},"end":{"line":57,"column":null}},{"start":{"line":58,"column":5},"end":{"line":60,"column":null}},{"start":{"line":61,"column":5},"end":{"line":63,"column":null}}]},"5":{"loc":{"start":{"line":50,"column":37},"end":{"line":50,"column":73}},"type":"binary-expr","locations":[{"start":{"line":50,"column":37},"end":{"line":50,"column":68}},{"start":{"line":50,"column":68},"end":{"line":50,"column":73}}]},"6":{"loc":{"start":{"line":53,"column":42},"end":{"line":53,"column":83}},"type":"binary-expr","locations":[{"start":{"line":53,"column":42},"end":{"line":53,"column":78}},{"start":{"line":53,"column":78},"end":{"line":53,"column":83}}]},"7":{"loc":{"start":{"line":56,"column":41},"end":{"line":56,"column":81}},"type":"binary-expr","locations":[{"start":{"line":56,"column":41},"end":{"line":56,"column":76}},{"start":{"line":56,"column":76},"end":{"line":56,"column":81}}]},"8":{"loc":{"start":{"line":59,"column":29},"end":{"line":59,"column":57}},"type":"binary-expr","locations":[{"start":{"line":59,"column":29},"end":{"line":59,"column":52}},{"start":{"line":59,"column":52},"end":{"line":59,"column":57}}]},"9":{"loc":{"start":{"line":62,"column":31},"end":{"line":62,"column":61}},"type":"binary-expr","locations":[{"start":{"line":62,"column":31},"end":{"line":62,"column":56}},{"start":{"line":62,"column":56},"end":{"line":62,"column":61}}]}},"s":{"0":0,"1":0,"2":0,"3":0,"4":0,"5":0,"6":0,"7":0,"8":0,"9":0,"10":0,"11":0,"12":0,"13":0,"14":0,"15":0,"16":0,"17":0,"18":0,"19":0,"20":0,"21":0,"22":0,"23":0,"24":0,"25":0,"26":0},"f":{"0":0,"1":0,"2":0},"b":{"0":[0,0],"1":[0,0],"2":[0,0],"3":[0,0],"4":[0,0,0,0,0],"5":[0,0],"6":[0,0],"7":[0,0],"8":[0,0],"9":[0,0]}}
,"/Users/noot/Documents/communique/src/routes/api/congressional-routing/+server.ts": {"path":"/Users/noot/Documents/communique/src/routes/api/congressional-routing/+server.ts","statementMap":{"0":{"start":{"line":19,"column":36},"end":{"line":64,"column":null}},"1":{"start":{"line":20,"column":1},"end":{"line":63,"column":null}},"2":{"start":{"line":21,"column":20},"end":{"line":21,"column":null}},"3":{"start":{"line":22,"column":38},"end":{"line":22,"column":null}},"4":{"start":{"line":25,"column":22},"end":{"line":25,"column":null}},"5":{"start":{"line":26,"column":2},"end":{"line":28,"column":null}},"6":{"start":{"line":27,"column":3},"end":{"line":27,"column":null}},"7":{"start":{"line":30,"column":56},"end":{"line":30,"column":null}},"8":{"start":{"line":32,"column":2},"end":{"line":34,"column":null}},"9":{"start":{"line":33,"column":3},"end":{"line":33,"column":null}},"10":{"start":{"line":36,"column":2},"end":{"line":59,"column":null}},"11":{"start":{"line":38,"column":3},"end":{"line":40,"column":null}},"12":{"start":{"line":39,"column":4},"end":{"line":39,"column":null}},"13":{"start":{"line":41,"column":3},"end":{"line":47,"column":null}},"14":{"start":{"line":50,"column":3},"end":{"line":52,"column":null}},"15":{"start":{"line":51,"column":4},"end":{"line":51,"column":null}},"16":{"start":{"line":53,"column":3},"end":{"line":58,"column":null}},"17":{"start":{"line":62,"column":2},"end":{"line":62,"column":null}},"18":{"start":{"line":77,"column":19},"end":{"line":77,"column":null}},"19":{"start":{"line":78,"column":1},"end":{"line":78,"column":null}},"20":{"start":{"line":78,"column":41},"end":{"line":78,"column":null}},"21":{"start":{"line":80,"column":21},"end":{"line":80,"column":null}},"22":{"start":{"line":82,"column":1},"end":{"line":103,"column":null}},"23":{"start":{"line":83,"column":20},"end":{"line":83,"column":null}},"24":{"start":{"line":84,"column":16},"end":{"line":84,"column":null}},"25":{"start":{"line":85,"column":2},"end":{"line":85,"column":null}},"26":{"start":{"line":85,"column":14},"end":{"line":85,"column":null}},"27":{"start":{"line":87,"column":39},"end":{"line":87,"column":null}},"28":{"start":{"line":88,"column":2},"end":{"line":92,"column":null}},"29":{"start":{"line":94,"column":16},"end":{"line":94,"column":null}},"30":{"start":{"line":95,"column":2},"end":{"line":95,"column":null}},"31":{"start":{"line":95,"column":14},"end":{"line":95,"column":null}},"32":{"start":{"line":97,"column":33},"end":{"line":97,"column":null}},"33":{"start":{"line":98,"column":2},"end":{"line":102,"column":null}},"34":{"start":{"line":118,"column":14},"end":{"line":127,"column":null}},"35":{"start":{"line":129,"column":1},"end":{"line":131,"column":null}},"36":{"start":{"line":130,"column":2},"end":{"line":130,"column":null}},"37":{"start":{"line":134,"column":23},"end":{"line":134,"column":null}},"38":{"start":{"line":134,"column":55},"end":{"line":134,"column":71}},"39":{"start":{"line":135,"column":1},"end":{"line":144,"column":null}},"40":{"start":{"line":138,"column":2},"end":{"line":143,"column":null}},"41":{"start":{"line":147,"column":25},"end":{"line":153,"column":null}},"42":{"start":{"line":155,"column":1},"end":{"line":159,"column":null}},"43":{"start":{"line":176,"column":1},"end":{"line":182,"column":null}},"44":{"start":{"line":185,"column":1},"end":{"line":190,"column":null}},"45":{"start":{"line":192,"column":1},"end":{"line":196,"column":null}},"46":{"start":{"line":201,"column":1},"end":{"line":233,"column":null}},"47":{"start":{"line":202,"column":28},"end":{"line":202,"column":null}},"48":{"start":{"line":205,"column":24},"end":{"line":210,"column":null}},"49":{"start":{"line":212,"column":19},"end":{"line":212,"column":null}},"50":{"start":{"line":215,"column":2},"end":{"line":228,"column":null}},"51":{"start":{"line":222,"column":38},"end":{"line":227,"column":5}},"52":{"start":{"line":231,"column":2},"end":{"line":231,"column":null}},"53":{"start":{"line":232,"column":2},"end":{"line":232,"column":null}},"54":{"start":{"line":249,"column":25},"end":{"line":249,"column":null}},"55":{"start":{"line":252,"column":18},"end":{"line":255,"column":null}},"56":{"start":{"line":257,"column":1},"end":{"line":259,"column":null}},"57":{"start":{"line":263,"column":27},"end":{"line":265,"column":null}},"58":{"start":{"line":267,"column":1},"end":{"line":276,"column":null}},"59":{"start":{"line":268,"column":27},"end":{"line":268,"column":null}},"60":{"start":{"line":272,"column":2},"end":{"line":275,"column":null}},"61":{"start":{"line":278,"column":1},"end":{"line":278,"column":null}}},"fnMap":{"0":{"name":"(anonymous_0)","decl":{"start":{"line":19,"column":36},"end":{"line":19,"column":43}},"loc":{"start":{"line":19,"column":59},"end":{"line":64,"column":null}}},"1":{"name":"parseCongressionalRoutingAddress","decl":{"start":{"line":73,"column":9},"end":{"line":73,"column":42}},"loc":{"start":{"line":73,"column":92},"end":{"line":104,"column":null}}},"2":{"name":"handleAuthenticatedCongressionalRequest","decl":{"start":{"line":106,"column":15},"end":{"line":106,"column":55}},"loc":{"start":{"line":116,"column":3},"end":{"line":160,"column":null}}},"3":{"name":"(anonymous_3)","decl":{"start":{"line":134,"column":48},"end":{"line":134,"column":49}},"loc":{"start":{"line":134,"column":55},"end":{"line":134,"column":71}}},"4":{"name":"handleGuestCongressionalRequest","decl":{"start":{"line":162,"column":15},"end":{"line":162,"column":47}},"loc":{"start":{"line":174,"column":3},"end":{"line":197,"column":null}}},"5":{"name":"lookupRepresentativesByAddress","decl":{"start":{"line":200,"column":15},"end":{"line":200,"column":46}},"loc":{"start":{"line":200,"column":80},"end":{"line":234,"column":null}}},"6":{"name":"(anonymous_6)","decl":{"start":{"line":222,"column":26},"end":{"line":222,"column":38}},"loc":{"start":{"line":222,"column":38},"end":{"line":227,"column":5}}},"7":{"name":"routeToRepresentatives","decl":{"start":{"line":236,"column":15},"end":{"line":236,"column":38}},"loc":{"start":{"line":248,"column":3},"end":
[...]
2},"end":{"line":9,"column":null}},"type":"if","locations":[{"start":{"line":7,"column":2},"end":{"line":9,"column":null}},{"start":{},"end":{}}]},"1":{"loc":{"start":{"line":13,"column":2},"end":{"line":15,"column":null}},"type":"if","locations":[{"start":{"line":13,"column":2},"end":{"line":15,"column":null}},{"start":{},"end":{}}]},"2":{"loc":{"start":{"line":13,"column":6},"end":{"line":13,"column":28}},"type":"binary-expr","locations":[{"start":{"line":13,"column":6},"end":{"line":13,"column":15}},{"start":{"line":13,"column":15},"end":{"line":13,"column":28}}]},"3":{"loc":{"start":{"line":28,"column":19},"end":{"line":28,"column":null}},"type":"binary-expr","locations":[{"start":{"line":28,"column":19},"end":{"line":28,"column":35}},{"start":{"line":28,"column":35},"end":{"line":28,"column":null}}]},"4":{"loc":{"start":{"line":29,"column":15},"end":{"line":29,"column":null}},"type":"binary-expr","locations":[{"start":{"line":29,"column":15},"end":{"line":29,"column":27}},{"start":{"line":29,"column":27},"end":{"line":29,"column":null}}]},"5":{"loc":{"start":{"line":31,"column":24},"end":{"line":31,"column":null}},"type":"binary-expr","locations":[{"start":{"line":31,"column":24},"end":{"line":31,"column":45}},{"start":{"line":31,"column":45},"end":{"line":31,"column":null}}]},"6":{"loc":{"start":{"line":57,"column":2},"end":{"line":59,"column":null}},"type":"if","locations":[{"start":{"line":57,"column":2},"end":{"line":59,"column":null}},{"start":{},"end":{}}]},"7":{"loc":{"start":{"line":72,"column":2},"end":{"line":74,"column":null}},"type":"if","locations":[{"start":{"line":72,"column":2},"end":{"line":74,"column":null}},{"start":{},"end":{}}]},"8":{"loc":{"start":{"line":78,"column":2},"end":{"line":85,"column":null}},"type":"if","locations":[{"start":{"line":78,"column":2},"end":{"line":85,"column":null}},{"start":{},"end":{}}]}},"s":{"0":0,"1":0,"2":0,"3":0,"4":0,"5":0,"6":0,"7":0,"8":0,"9":0,"10":0,"11":0,"12":0,"13":0,"14":0,"15":0,"16":0,"17":0,"18":0,"19":0,"20":0,"21":0},"f":{"0":0,"1":0},"b":{"0":[0,0],"1":[0,0],"2":[0,0],"3":[0,0],"4":[0,0],"5":[0,0],"6":[0,0],"7":[0,0],"8":[0,0]}}
,"/Users/noot/Documents/communique/src/routes/api/user/representatives/+server.ts": {"path":"/Users/noot/Documents/communique/src/routes/api/user/representatives/+server.ts","statementMap":{"0":{"start":{"line":25,"column":36},"end":{"line":155,"column":null}},"1":{"start":{"line":26,"column":4},"end":{"line":154,"column":null}},"2":{"start":{"line":33,"column":21},"end":{"line":33,"column":null}},"3":{"start":{"line":34,"column":57},"end":{"line":34,"column":null}},"4":{"start":{"line":37,"column":8},"end":{"line":39,"column":null}},"5":{"start":{"line":38,"column":12},"end":{"line":38,"column":null}},"6":{"start":{"line":41,"column":8},"end":{"line":43,"column":null}},"7":{"start":{"line":42,"column":12},"end":{"line":42,"column":null}},"8":{"start":{"line":46,"column":39},"end":{"line":46,"column":null}},"9":{"start":{"line":51,"column":23},"end":{"line":138,"column":null}},"10":{"start":{"line":53,"column":12},"end":{"line":64,"column":null}},"11":{"start":{"line":54,"column":16},"end":{"line":63,"column":null}},"12":{"start":{"line":67,"column":12},"end":{"line":69,"column":null}},"13":{"start":{"line":72,"column":28},"end":{"line":72,"column":null}},"14":{"start":{"line":73,"column":31},"end":{"line":73,"column":null}},"15":{"start":{"line":75,"column":12},"end":{"line":100,"column":null}},"16":{"start":{"line":76,"column":34},"end":{"line":98,"column":null}},"17":{"start":{"line":99,"column":16},"end":{"line":99,"column":null}},"18":{"start":{"line":103,"column":41},"end":{"line":103,"column":null}},"19":{"start":{"line":106,"column":29},"end":{"line":106,"column":null}},"20":{"start":{"line":106,"column":50},"end":{"line":106,"column":71}},"21":{"start":{"line":107,"column":12},"end":{"line":114,"column":null}},"22":{"start":{"line":108,"column":16},"end":{"line":113,"column":null}},"23":{"start":{"line":117,"column":29},"end":{"line":117,"column":null}},"24":{"start":{"line":117,"column":52},"end":{"line":117,"column":74}},"25":{"start":{"line":118,"column":12},"end":{"line":125,"column":null}},"26":{"start":{"line":119,"column":16},"end":{"line":124,"column":null}},"27":{"start":{"line":128,"column":12},"end":{"line":130,"column":null}},"28":{"start":{"line":132,"column":12},"end":{"line":137,"column":null}},"29":{"start":{"line":140,"column":8},"end":{"line":144,"column":null}},"30":{"start":{"line":149,"column":8},"end":{"line":151,"column":null}},"31":{"start":{"line":150,"column":12},"end":{"line":150,"column":null}},"32":{"start":{"line":153,"column":8},"end":{"line":153,"column":null}},"33":{"start":{"line":158,"column":35},"end":{"line":255,"column":null}},"34":{"start":{"line":159,"column":4},"end":{"line":254,"column":null}},"35":{"start":{"line":166,"column":23},"end":{"line":166,"column":null}},"36":{"start":{"line":168,"column":8},"end":{"line":170,"column":null}},"37":{"start":{"line":169,"column":12},"end":{"line":169,"column":null}},"38":{"start":{"line":173,"column":21},"end":{"line":186,"column":null}},"39":{"start":{"line":188,"column":8},"end":{"line":190,"column":null}},"40":{"start":{"line":189,"column":12},"end":{"line":189,"column":null}},"41":{"start":{"line":206,"column":12},"end":{"line":209,"column":null}},"42":{"start":{"line":211,"column":8},"end":{"line":231,"column":null}},"43":{"start":{"line":212,"column":24},"end":{"line":224,"column":null}},"44":{"start":{"line":226,"column":12},"end":{"line":230,"column":null}},"45":{"start":{"line":227,"column":16},"end":{"line":227,"column":null}},"46":{"start":{"line":229,"column":16},"end":{"line":229,"column":null}},"47":{"start":{"line":233,"column":8},"end":{"line":245,"column":null}},"48":{"start":{"line":249,"column":8},"end":{"line":251,"column":null}},"49":{"start":{"line":250,"column":12},"end":{"line":250,"column":null}},"50":{"start":{"line":253,"column":8},"end":{"line":253,"column":null}},"51":{"start":{"line":258,"column":35},"end":{"line":325,"column":null}},"52":{"start":{"line":259,"column":4},"end":{"line":324,"column":null}},"53":{"start":{"line":266,"column":21},"end":{"line":266,"column":null}},"54":{"start":{"line":267,"column":27},"end":{"line":267,"column":null}},"55":{"start":{"line":269,"column":8},"end":{"line":271,"column":null}},"56":{"start":{"line":270,"column":12},"end":{"line":270,"column":null}},"57":{"start":{"line":274,"column":21},"end":{"line":282,"column":null}},"58":{"start":{"line":284,"column":8},"end":{"line":286,"column":null}},"59":{"start":{"line":285,"column":12},"end":{"line":285,"column":null}},"60":{"start":{"line":289,"column":34},"end":{"line":289,"column":null}},"61":{"start":{"line":290,"column":28},"end":{"line":295,"column":null}},"62":{"start":{"line":298,"column":27},"end":{"line":305,"column":null}},"63":{"start":{"line":308,"column":30},"end":{"line":312,"column":null}},"64":{"start":{"line":314,"column":14},"end":{"line":314,"column":null}},"65":{"start":{"line":315,"column":8},"end":{"line":315,"column":null}},"66":{"start":{"line":319,"column":8},"end":{"line":321,"column":null}},"67":{"start":{"line":320,"column":12},"end":{"line":320,"column":null}},"68":{"start":{"line":323,"column":8},"end":{"line":323,"column":null}}},"fnMap":{"0":{"name":"(anonymous_0)","decl":{"start":{"line":25,"column":36},"end":{"line":25,"column":43}},"loc":{"start":{"line":25,"column":67},"end":{"line":155,"column":null}}},"1":{"name":"(anonymous_1)","decl":{"start":{"line":51,"column":45},"end":{"line":51,"column":52}},"loc":{"start":{"line":51,"column":59},"end":{"line":138,"column":9}}},"2":{"name":"(anonymous_2)","decl":{"start":{"line":106,"column":45},"end":{"line":106,"column":50}},"loc":{"start":{"line":106,"column":50},"end":{"line":106,"column":71}}},"3":{"name":"(anonymous_3)","decl":{"start":{"line":117,"column":47},"end":{"line":117,"column":52}},"loc":{"start":{"line":117,"column":52},"end":{"line":117,"column":74}}},"4":{"name":"(anonymous_4)","decl":{"start":{"line":118,"column":29},"end":{"line":118,"column":30}},"loc":{"start":{"line":118,"column":49},"end":{"line":125,"column":13}}},"5":{"name":"(anonymous_5)","decl":{"start":{"line":158,"column":35},"end":{"line":158,"column":42}},"loc":{"start":{"line":158,"column":62},"end":{"line":255,"column":null}}},"6":{"name":"(anonymous_6)","decl":{"start":{"line":211,"column":37},"end":{"line":211,"column":48}},"loc":{"start":{"line":211,"column":48},"end":{"line":231,"column":9}}},"7":{"name":"(anonymous_7)","decl":{"start":{"line":258,"column":35},"end":{"line":258,"column":42}},"loc":{"start":{"line":258,"column":66},"end":{"line":325,"column":null}}}},"branchMap":{"0":{"loc":{"start":{"line":37,"column":8},"end":{"line":39,"column":null}},"type":"if","locations":[{"start":{"line":37,"column":8},"end":{"line":39,"column":null}},{"start":{},"end":{}}]},"1":{"loc":{"start":{"line":41,"column":8},"end":{"line":43,"column":null}},"type":"if","locations":[{"start":{"line":41,"column":8},"end":{"line":43,"column":null}},{"start":{},"end":{}}]},"2":{"loc":{"start":{"line":41,"column":12},"end":{"line":41,"column":83}},"type":"binary-expr","locations":[{"start":{"line":41,"column":12},"end":{"line":41,"column":32}},{"start":{"line":41,"column":32},"end":{"line":41,"column":58}},{"start":{"line":41,"column":58},"end":{"line":41,"column":83}}]},"3":{"loc":{"start":{"line":53,"column":12},"end":{"line":64,"column":null}},"type":"if","locations":[{"start":{"line":53,"column":12},"end":{"line":64,"column":null}},{"start":{},"end":{}}]},"4":{"loc":{"start":{"line":107,"column":12},"end":{"line":114,"column":null}},"type":"if","locations":[{"start":{"line":107,"column":12},"end":{"line":114,"column":null}},{"start":{},"end":{}}]},"5":{"loc":{"start":{"line":122,"column":34},"end":{"line":122,"column":null}},"type":"cond-expr","locations":[{"start":{"line":122,"column":48},"end":{"line":122,"column":66}},{"start":{"line":122,"column":66},"end":{"line":122,"column":null}}]},"6":{"loc":{"start":{"line":149,"column":8},"end":{"line":151,"column":null}},"type":"if","locations":[{"start":{"line":149,"column":8},"end":{"line":151,"column":null}},{"start":{},"end":{}}]},"7":{"loc":{"start":{"line":149,"column":12},"end":{"line":149,"column":63}},"type":"binary-expr","locations":[{"start":{"line":149,"column":12},"end":{"line":149,"column":19}},{"start":{"line":149,"column":19},"end":{"line":149,"column":46}},{"start":{"line":149,"column":46},"end":{"line":149,"column":63}}]},"8":{"loc":{"start":{"line":168,"column":8},"end":{"line":170,"column":null}},"type":"if","locations":[{"start":{"line":168,"column":8},"end":{"line":170,"column":null}},{"start":{},"end":{}}]},"9":{"loc":{"start":{"line":188,"column":8},"end":{"line":190,"column":null}},"type":"if","locations":[{"start":{"line":188,"column":8},"end":{"line":190,"column":null}},{"start":{},"end":{}}]},"10":{"loc":{"start":{"line":226,"column":12},"end":{"line":230,"column":null}},"type":"if","locations":[{"start":{"line":226,"column":12},"end":{"line":230,"column":null}},{"start":{"line":228,"column":19},"end":{"line":230,"column":null}}]},"11":{"loc":{"start":{"line":249,"column":8},"end":{"line":251,"column":null}},"type":"if","locations":[{"start":{"line":249,"column":8},"end":{"line":251,"column":null}},{"start":{},"end":{}}]},"12":{"loc":{"start":{"line":249,"column":12},"end":{"line":249,"column":63}},"type":"binary-expr","locations":[{"start":{"line":249,"column":12},"end":{"line":249,"column":19}},{"start":{"line":249,"column":19},"end":{"line":249,"column":46}},{"start":{"line":249,"column":46},"end":{"line":249,"column":63}}]},"13":{"loc":{"start":{"line":269,"column":8},"end":{"line":271,"column":null}},"type":"if","locations":[{"start":{"line":269,"column":8},"end":{"line":271,"column":null}},{"start":{},"end":{}}]},"14":{"loc":{"start":{"line":284,"column":8},"end":{"line":286,"column":null}},"type":"if","locations":[{"start":{"line":284,"column":8},"end":{"line":286,"column":null}},{"start":{},"end":{}}]},"15":{"loc":{"start":{"line":284,"column":12},"end":{"line":284,"column":77}},"type":"binary-expr","locations":[{"start":{"line":284,"column":12},"end":{"line":284,"column":21}},{"start":{"line":284,"column":21},"end":{"line":284,"column":37}},{"start":{"line":284,"column":37},"end":{"line":284,"column":51}},{"start":{"line":284,"column":51},"end":{"line":284,"column":66}},{"start":{"line":284,"column":66},"end":{"line":284,"column":77}}]},"16":{"loc":{"start":{"line":319,"column":8},"end":{"line":321,"column":null}},"type":"if","locations":[{"start":{"line":319,"column":8},"end":{"line":321,"column":null}},{"start":{},"end":{}}]},"17":{"loc":{"start":{"line":319,"column":12},"end":{"line":319,"column":63}},"type":"binary-expr","locations":[{"start":{"line":319,"column":12},"end":{"line":319,"column":19}},{"start":{"line":319,"column":19},"end":{"line":319,"column":46}},{"start":{"line":319,"column":46},"end":{"line":319,"column":63}}]}},"s":{"0":0,"1":0,"2":0,"3":0,"4":0,"5":0,"6":0,"7":0,"8":0,"9":0,"10":0,"11":0,"12":0,"13":0,"14":0,"15":0,"16":0,"17":0,"18":0,"19":0,"20":0,"21":0,"22":0,"23":0,"24":0,"25":0,"26":0,"27":0,"28":0,"29":0,"30":0,"31":0,"32":0,"33":0,"34":0,"35":0,"36":0,"37":0,"38":0,"39":0,"40":0,"41":0,"42":0,"43":0,"44":0,"45":0,"46":0,"47":0,"48":0,"49":0,"50":0,"51":0,"52":0,"53":0,"54":0,"55":0,"56":0,"57":0,"58":0,"59":0,"60":0,"61":0,"62":0,"63":0,"64":0,"65":0,"66":0,"67":0,"68":0},"f":{"0":0,"1":0,"2":0,"3":0,"4":0,"5":0,"6":0,"7":0},"b":{"0":[0,0],"1":[0,0],"2":[0,0,0],"3":[0,0],"4":[0,0],"5":[0,0],"6":[0,0],"7":[0,0,0],"8":[0,0],"9":[0,0],"10":[0,0],"11":[0,0],"12":[0,0,0],"13":[0,0],"14":[0,0],"15":[0,0,0,0,0],"16":[0,0],"17":[0,0,0]}}
,"/Users/noot/Documents/communique/src/routes/api/user/templates/+server.ts": {"path":"/Users/noot/Documents/communique/src/routes/api/user/templates/+server.ts","statementMap":{"0":{"start":{"line":5,"column":35},"end":{"line":25,"column":null}},"1":{"start":{"line":6,"column":1},"end":{"line":24,"column":null}},"2":{"start":{"line":7,"column":18},"end":{"line":7,"column":null}},"3":{"start":{"line":8,"column":2},"end":{"line":10,"column":null}},"4":{"start":{"line":9,"column":3},"end":{"line":9,"column":null}},"5":{"start":{"line":12,"column":24},"end":{"line":19,"column":null}},"6":{"start":{"line":21,"column":2},"end":{"line":21,"column":null}},"7":{"start":{"line":23,"column":2},"end":{"line":23,"column":null}}},"fnMap":{"0":{"name":"(anonymous_0)","decl":{"start":{"line":5,"column":35},"end":{"line":5,"column":42}},"loc":{"start":{"line":5,"column":57},"end":{"line":25,"column":null}}}},"branchMap":{"0":{"loc":{"start":{"line":8,"column":2},"end":{"line":10,"column":null}},"type":"if","locations":[{"start":{"line":8,"column":2},"end":{"line":10,"column":null}},{"start":{},"end":{}}]}},"s":{"0":0,"1":0,"2":0,"3":0,"4":0,"5":0,"6":0,"7":0},"f":{"0":0},"b":{"0":[0,0]}}
,"/Users/noot/Documents/communique/src/routes/api/user/verify-identity/+server.ts": {"path":"/Users/noot/Documents/communique/src/routes/api/user/verify-identity/+server.ts","statementMap":{"0":{"start":{"line":14,"column":2},"end":{"line":18,"column":null}},"1":{"start":{"line":24,"column":2},"end":{"line":24,"column":null}},"2":{"start":{"line":28,"column":2},"end":{"line":28,"column":null}},"3":{"start":{"line":33,"column":22},"end":{"line":33,"column":null}},"4":{"start":{"line":35,"column":28},"end":{"line":42,"column":null}},"5":{"start":{"line":44,"column":36},"end":{"line":135,"column":null}},"6":{"start":{"line":45,"column":1},"end":{"line":134,"column":null}},"7":{"start":{"line":46,"column":15},"end":{"line":46,"column":null}},"8":{"start":{"line":47,"column":64},"end":{"line":47,"column":null}},"9":{"start":{"line":50,"column":2},"end":{"line":56,"column":null}},"10":{"start":{"line":51,"column":3},"end":{"line":55,"column":null}},"11":{"start":{"line":59,"column":17},"end":{"line":64,"column":null}},"12":{"start":{"line":66,"column":2},"end":{"line":116,"column":null}},"13":{"start":{"line":68,"column":25},"end":{"line":68,"column":null}},"14":{"start":{"line":71,"column":3},"end":{"line":89,"column":null}},"15":{"start":{"line":72,"column":4},"end":{"line":88,"column":null}},"16":{"start":{"line":92,"column":3},"end":{"line":103,"column":null}},"17":{"start":{"line":106,"column":3},"end":{"line":115,"column":null}},"18":{"start":{"line":118,"column":2},"end":{"line":126,"column":null}},"19":{"start":{"line":119,"column":3},"end":{"line":119,"column":null}},"20":{"start":{"line":120,"column":3},"end":{"line":125,"column":null}},"21":{"start":{"line":128,"column":2},"end":{"line":128,"column":null}},"22":{"start":{"line":129,"column":2},"end":{"line":133,"column":null}},"23":{"start":{"line":138,"column":39},"end":{"line":147,"column":null}},"24":{"start":{"line":139,"column":1},"end":{"line":146,"column":null}}},"fnMap":{"0":{"name":"(anonymous_0)","decl":{"start":{"line":12,"column":1},"end":{"line":12,"column":7}},"loc":{"start":{"line":12,"column":35},"end":{"line":19,"column":null}}},"1":{"name":"(anonymous_1)","decl":{"start":{"line":21,"column":1},"end":{"line":21,"column":7}},"loc":{"start":{"line":21,"column":48},"end":{"line":25,"column":null}}},"2":{"name":"(anonymous_2)","decl":{"start":{"line":27,"column":1},"end":{"line":27,"column":7}},"loc":{"start":{"line":27,"column":68},"end":{"line":29,"column":null}}},"3":{"name":"(anonymous_3)","decl":{"start":{"line":44,"column":36},"end":{"line":44,"column":43}},"loc":{"start":{"line":44,"column":67},"end":{"line":135,"column":null}}},"4":{"name":"(anonymous_4)","decl":{"start":{"line":138,"column":39},"end":{"line":138,"column":51}},"loc":{"start":{"line":138,"column":51},"end":{"line":147,"column":null}}}},"branchMap":{"0":{"loc":{"start":{"line":37,"column":4},"end":{"line":37,"column":49}},"type":"binary-expr","locations":[{"start":{"line":37,"column":4},"end":{"line":37,"column":26}},{"start":{"line":37,"column":26},"end":{"line":37,"column":49}}]},"1":{"loc":{"start":{"line":50,"column":2},"end":{"line":56,"column":null}},"type":"if","locations":[{"start":{"line":50,"column":2},"end":{"line":56,"column":null}},{"start":{},"end":{}}]},"2":{"loc":{"start":{"line":50,"column":6},"end":{"line":50,"column":67}},"type":"binary-expr","locations":[{"start":{"line":50,"column":6},"end":{"line":50,"column":24}},{"start":{"line":50,"column":24},"end":{"line":50,"column":34}},{"start":{"line":50,"column":34},"end":{"line":50,"column":49}},{"start":{"line":50,"column":49},"end":{"line":50,"column":67}}]},"3":{"loc":{"start":{"line":66,"column":2},"end":{"line":116,"column":null}},"type":"if","locations":[{"start":{"line":66,"column":2},"end":{"line":116,"column":null}},{"start":{"line":104,"column":9},"end":{"line":116,"column":null}}]},"4":{"loc":{"start":{"line":71,"column":3},"end":{"line":89,"column":null}},"type":"if","locations":[{"start":{"line":71,"column":3},"end":{"line":89,"column":null}},{"start":{},"end":{}}]},"5":{"loc":{"start":{"line":101,"column":19},"end":{"line":101,"column":null}},"type":"cond-expr","locations":[{"start":{"line":101,"column":48},"end":{"line":101,"column":61}},{"start":{"line":101,"column":61},"end":{"line":101,"column":null}}]},"6":{"loc":{"start":{"line":118,"column":2},"end":{"line":126,"column":null}},"type":"if","locations":[{"start":{"line":118,"column":2},"end":{"line":126,"column":null}},{"start":{},"end":{}}]},"7":{"loc":{"start":{"line":132,"column":12},"end":{"line":132,"column":null}},"type":"cond-expr","locations":[{"start":{"line":132,"column":37},"end":{"line":132,"column":53}},{"start":{"line":132,"column":53},"end":{"line":132,"column":null}}]}},"s":{"0":0,"1":0,"2":0,"3":0,"4":0,"5":0,"6":0,"7":0,"8":0,"9":0,"10":0,"11":0,"12":0,"13":0,"14":0,"15":0,"16":0,"17":0,"18":0,"19":0,"20":0,"21":0,"22":0,"23":0,"24":0},"f":{"0":0,"1":0,"2":0,"3":0,"4":0},"b":{"0":[0,0],"1":[0,0],"2":[0,0,0,0],"3":[0,0],"4":[0,0],"5":[0,0],"6":[0,0],"7":[0,0]}}
}
