TN:
SF:src/lib/congress/address-lookup.ts
FN:36,(anonymous_0)
FN:47,(anonymous_1)
FN:68,(anonymous_2)
FN:104,(anonymous_3)
FN:141,(anonymous_4)
FN:163,(anonymous_5)
FN:178,(anonymous_6)
FN:206,(anonymous_7)
FN:222,(anonymous_8)
FN:224,(anonymous_9)
FN:280,(anonymous_10)
FN:295,(anonymous_11)
FNF:12
FNH:7
FNDA:7,(anonymous_0)
FNDA:2,(anonymous_1)
FNDA:2,(anonymous_2)
FNDA:0,(anonymous_3)
FNDA:2,(anonymous_4)
FNDA:2,(anonymous_5)
FNDA:0,(anonymous_6)
FNDA:2,(anonymous_7)
FNDA:0,(anonymous_8)
FNDA:0,(anonymous_9)
FNDA:0,(anonymous_10)
FNDA:2,(anonymous_11)
DA:37,7
DA:38,7
DA:39,0
DA:49,2
DA:52,2
DA:57,2
DA:69,2
DA:71,2
DA:74,2
DA:75,2
DA:77,2
DA:80,0
DA:81,0
DA:85,0
DA:86,0
DA:89,0
DA:92,0
DA:93,0
DA:97,0
DA:105,0
DA:107,0
DA:109,0
DA:111,0
DA:112,0
DA:113,0
DA:114,0
DA:115,0
DA:124,0
DA:130,0
DA:142,2
DA:143,2
DA:144,2
DA:146,2
DA:152,0
DA:153,0
DA:164,2
DA:165,2
DA:166,2
DA:170,1
DA:171,0
DA:174,0
DA:175,0
DA:178,0
DA:179,0
DA:183,0
DA:184,0
DA:187,0
DA:191,2
DA:207,2
DA:208,2
DA:209,2
DA:213,2
DA:214,2
DA:217,0
DA:218,0
DA:221,0
DA:222,0
DA:224,0
DA:226,0
DA:228,0
DA:250,0
DA:254,2
DA:281,0
DA:296,2
DA:298,2
DA:300,2
DA:302,2
DA:303,2
DA:304,2
DA:308,2
DA:309,0
DA:310,0
DA:313,2
DA:314,2
DA:316,2
DA:317,1
DA:322,0
DA:325,2
DA:333,1
LF:79
LH:38
BRDA:38,0,0,0
BRDA:38,0,1,7
BRDA:75,1,0,2
BRDA:75,1,1,0
BRDA:85,2,0,0
BRDA:85,2,1,0
BRDA:107,3,0,0
BRDA:107,3,1,0
BRDA:112,4,0,0
BRDA:112,4,1,0
BRDA:114,5,0,0
BRDA:114,5,1,0
BRDA:170,6,0,0
BRDA:170,6,1,0
BRDA:175,7,0,0
BRDA:175,7,1,0
BRDA:179,8,0,0
BRDA:179,8,1,0
BRDA:183,9,0,0
BRDA:183,9,1,0
BRDA:213,10,0,2
BRDA:213,10,1,0
BRDA:218,11,0,0
BRDA:218,11,1,0
BRDA:226,12,0,0
BRDA:226,12,1,0
BRDA:282,13,0,0
BRDA:282,13,1,0
BRDA:283,14,0,0
BRDA:283,14,1,0
BRDA:284,15,0,0
BRDA:284,15,1,0
BRDA:285,16,0,0
BRDA:285,16,1,0
BRDA:286,17,0,0
BRDA:286,17,1,0
BRDA:286,18,0,0
BRDA:286,18,1,0
BRDA:288,19,0,0
BRDA:288,19,1,0
BRDA:308,20,0,0
BRDA:308,20,1,2
BRDA:316,21,0,1
BRDA:316,21,1,1
BRF:44
BRH:6
end_of_record
TN:
SF:src/lib/congress/cwc-generator.ts
FN:43,(anonymous_0)
FN:98,(anonymous_1)
FN:101,(anonymous_2)
FN:113,(anonymous_3)
FN:122,(anonymous_4)
FN:131,(anonymous_5)
FN:144,(anonymous_6)
FN:145,(anonymous_7)
FN:160,(anonymous_8)
FN:173,(anonymous_9)
FN:188,(anonymous_10)
FN:211,(anonymous_11)
FNF:12
FNH:0
FNDA:0,(anonymous_0)
FNDA:0,(anonymous_1)
FNDA:0,(anonymous_2)
FNDA:0,(anonymous_3)
FNDA:0,(anonymous_4)
FNDA:0,(anonymous_5)
FNDA:0,(anonymous_6)
FNDA:0,(anonymous_7)
FNDA:0,(anonymous_8)
FNDA:0,(anonymous_9)
FNDA:0,(anonymous_10)
FNDA:0,(anonymous_11)
DA:44,0
DA:46,0
DA:47,0
DA:50,0
DA:51,0
DA:53,0
DA:91,0
DA:99,0
DA:101,0
DA:102,0
DA:114,0
DA:115,0
DA:116,0
DA:123,0
DA:124,0
DA:125,0
DA:132,0
DA:133,0
DA:134,0
DA:135,0
DA:136,0
DA:138,0
DA:145,0
DA:146,0
DA:147,0
DA:148,0
DA:149,0
DA:150,0
DA:151,0
DA:152,0
DA:161,0
DA:164,0
DA:173,0
DA:174,0
DA:175,0
DA:179,0
DA:190,0
DA:192,0
DA:193,0
DA:196,0
DA:197,0
DA:200,0
DA:201,0
DA:205,0
DA:212,0
DA:256,0
LF:46
LH:0
BRDA:50,0,0,0
BRDA:50,0,1,0
BRDA:51,1,0,0
BRDA:51,1,1,0
BRDA:78,2,0,0
BRDA:78,2,1,0
BRDA:82,3,0,0
BRDA:82,3,1,0
BRDA:146,4,0,0
BRDA:146,4,1,0
BRDA:146,4,2,0
BRDA:146,4,3,0
BRDA:146,4,4,0
BRDA:146,4,5,0
BRDA:174,5,0,0
BRDA:174,5,1,0
BRDA:192,6,0,0
BRDA:192,6,1,0
BRDA:196,7,0,0
BRDA:196,7,1,0
BRDA:200,8,0,0
BRDA:200,8,1,0
BRF:22
BRH:0
end_of_record
TN:
SF:src/lib/services/ai-suggestions.ts
FN:30,(anonymous_0)
FN:52,(anonymous_1)
FN:70,(anonymous_2)
FN:81,(anonymous_3)
FN:113,(anonymous_4)
FN:132,(anonymous_5)
FNF:6
FNH:0
FNDA:0,(anonymous_0)
FNDA:0,(anonymous_1)
FNDA:0,(anonymous_2)
FNDA:0,(anonymous_3)
FNDA:0,(anonymous_4)
FNDA:0,(anonymous_5)
DA:38,0
DA:45,0
DA:77,0
DA:82,0
DA:84,0
DA:85,0
DA:110,0
DA:114,0
DA:116,0
DA:117,0
DA:125,0
LF:11
LH:0
BRDA:84,0,0,0
BRDA:84,0,1,0
BRDA:116,1,0,0
BRDA:116,1,1,0
BRF:4
BRH:0
end_of_record
TN:
SF:src/lib/services/emailService.ts
FN:27,analyzeEmailFlow
FN:58,generateMailtoUrl
FN:73,fillTemplateVariables
FN:108,launchEmail
FNF:4
FNH:0
FNDA:0,analyzeEmailFlow
FNDA:0,generateMailtoUrl
FNDA:0,fillTemplateVariables
FNDA:0,launchEmail
DA:29,0
DA:30,0
DA:36,0
DA:37,0
DA:40,0
DA:41,0
DA:49,0
DA:50,0
DA:59,0
DA:60,0
DA:62,0
DA:64,0
DA:65,0
DA:68,0
DA:69,0
DA:74,0
DA:76,0
DA:79,0
DA:80,0
DA:84,0
DA:85,0
DA:86,0
DA:89,0
DA:91,0
DA:95,0
DA:96,0
DA:99,0
DA:100,0
DA:103,0
DA:105,0
DA:109,0
LF:31
LH:0
BRDA:29,0,0,0
BRDA:29,0,1,0
BRDA:37,1,0,0
BRDA:37,1,1,0
BRDA:37,1,2,0
BRDA:37,1,3,0
BRDA:40,2,0,0
BRDA:40,2,1,0
BRDA:40,3,0,0
BRDA:40,3,1,0
BRDA:60,4,0,0
BRDA:60,4,1,0
BRDA:62,5,0,0
BRDA:62,5,1,0
BRDA:64,6,0,0
BRDA:64,6,1,0
BRDA:74,7,0,0
BRDA:74,7,1,0
BRDA:79,8,0,0
BRDA:79,8,1,0
BRDA:84,9,0,0
BRDA:84,9,1,0
BRDA:84,10,0,0
BRDA:84,10,1,0
BRDA:84,10,2,0
BRDA:84,10,3,0
BRF:26
BRH:0
end_of_record
TN:
SF:src/lib/services/geolocation.ts
FN:35,(anonymous_0)
FN:45,(anonymous_1)
FN:90,(anonymous_2)
FN:98,(anonymous_3)
FN:123,(anonymous_4)
FN:145,(anonymous_5)
FN:150,(anonymous_6)
FN:157,(anonymous_7)
FN:164,(anonymous_8)
FN:175,(anonymous_9)
FN:200,(anonymous_10)
FN:213,(anonymous_11)
FN:247,(anonymous_12)
FNF:13
FNH:0
FNDA:0,(anonymous_0)
FNDA:0,(anonymous_1)
FNDA:0,(anonymous_2)
FNDA:0,(anonymous_3)
FNDA:0,(anonymous_4)
FNDA:0,(anonymous_5)
FNDA:0,(anonymous_6)
FNDA:0,(anonymous_7)
FNDA:0,(anonymous_8)
FNDA:0,(anonymous_9)
FNDA:0,(anonymous_10)
FNDA:0,(anonymous_11)
FNDA:0,(anonymous_12)
DA:36,0
DA:37,0
DA:39,0
DA:51,0
DA:54,0
DA:55,0
DA:61,0
DA:71,0
DA:72,0
DA:73,0
DA:74,0
DA:84,0
DA:92,0
DA:99,0
DA:101,0
DA:102,0
DA:104,0
DA:105,0
DA:108,0
DA:110,0
DA:116,0
DA:124,0
DA:125,0
DA:126,0
DA:128,0
DA:129,0
DA:132,0
DA:134,0
DA:138,0
DA:150,0
DA:151,0
DA:152,0
DA:153,0
DA:156,0
DA:158,0
DA:165,0
DA:176,0
DA:178,0
DA:179,0
DA:181,0
DA:182,0
DA:185,0
DA:187,0
DA:193,0
DA:202,0
DA:203,0
DA:204,0
DA:205,0
DA:206,0
DA:207,0
DA:217,0
DA:218,0
DA:221,0
DA:224,0
DA:225,0
DA:229,0
DA:230,0
DA:231,0
DA:232,0
DA:235,0
DA:236,0
DA:238,0
DA:240,0
DA:248,0
DA:259,0
DA:264,0
LF:66
LH:0
BRDA:36,0,0,0
BRDA:36,0,1,0
BRDA:45,1,0,0
BRDA:47,2,0,0
BRDA:48,3,0,0
BRDA:49,4,0,0
BRDA:50,5,0,0
BRDA:71,6,0,0
BRDA:71,6,1,0
BRDA:104,7,0,0
BRDA:104,7,1,0
BRDA:128,8,0,0
BRDA:128,8,1,0
BRDA:151,9,0,0
BRDA:151,9,1,0
BRDA:181,10,0,0
BRDA:181,10,1,0
BRDA:202,11,0,0
BRDA:202,11,1,0
BRDA:203,12,0,0
BRDA:203,12,1,0
BRDA:204,13,0,0
BRDA:204,13,1,0
BRDA:205,14,0,0
BRDA:205,14,1,0
BRDA:206,15,0,0
BRDA:206,15,1,0
BRDA:217,16,0,0
BRDA:217,16,1,0
BRDA:224,17,0,0
BRDA:224,17,1,0
BRDA:230,18,0,0
BRDA:230,18,1,0
BRDA:236,19,0,0
BRDA:236,19,1,0
BRDA:250,20,0,0
BRDA:250,20,1,0
BRDA:253,21,0,0
BRDA:253,21,1,0
BRF:39
BRH:0
end_of_record
TN:
SF:src/lib/services/personalization.ts
FN:5,(anonymous_0)
FN:6,(anonymous_1)
FN:7,(anonymous_2)
FN:8,(anonymous_3)
FN:19,resolveVariables
FN:66,escapeRegExp
FNF:6
FNH:0
FNDA:0,(anonymous_0)
FNDA:0,(anonymous_1)
FNDA:0,(anonymous_2)
FNDA:0,(anonymous_3)
FNDA:0,resolveVariables
FNDA:0,escapeRegExp
DA:4,0
DA:5,0
DA:6,0
DA:7,0
DA:8,0
DA:20,0
DA:23,0
DA:24,0
DA:25,0
DA:28,0
DA:30,0
DA:32,0
DA:34,0
DA:37,0
DA:38,0
DA:40,0
DA:43,0
DA:49,0
DA:50,0
DA:53,0
DA:54,0
DA:58,0
DA:60,0
DA:67,0
LF:24
LH:0
BRDA:5,0,0,0
BRDA:5,0,1,0
BRDA:6,1,0,0
BRDA:6,1,1,0
BRDA:7,2,0,0
BRDA:7,2,1,0
BRDA:32,3,0,0
BRDA:32,3,1,0
BRDA:38,4,0,0
BRDA:38,4,1,0
BRF:10
BRH:0
end_of_record
TN:
SF:src/lib/services/zipDistrictLookup.ts
FN:20,(anonymous_0)
FN:34,(anonymous_1)
FN:65,(anonymous_2)
FN:89,(anonymous_3)
FN:130,(anonymous_4)
FN:144,(anonymous_5)
FNF:6
FNH:6
FNDA:15,(anonymous_0)
FNDA:120,(anonymous_1)
FNDA:5,(anonymous_2)
FNDA:5,(anonymous_3)
FNDA:2,(anonymous_4)
FNDA:1,(anonymous_5)
DA:14,1
DA:15,1
DA:21,15
DA:23,8
DA:24,8
DA:25,7
DA:26,0
DA:29,7
DA:30,7
DA:33,7
DA:34,120
DA:36,30
DA:37,30
DA:45,30
DA:46,24
DA:48,30
DA:52,7
DA:53,7
DA:56,1
DA:57,1
DA:71,5
DA:74,5
DA:76,5
DA:78,5
DA:80,1
DA:88,4
DA:89,5
DA:92,4
DA:94,0
DA:95,0
DA:102,4
DA:104,3
DA:105,3
DA:113,1
DA:114,1
DA:115,2
DA:116,2
DA:120,1
DA:121,1
DA:122,1
DA:123,2
DA:124,1
DA:125,1
DA:129,1
DA:130,2
DA:133,1
DA:145,1
DA:146,1
DA:147,1
DA:152,1
LF:50
LH:47
BRDA:21,0,0,7
BRDA:21,0,1,8
BRDA:25,1,0,0
BRDA:25,1,1,7
BRDA:36,2,0,30
BRDA:36,2,1,0
BRDA:36,3,0,30
BRDA:36,3,1,30
BRDA:36,3,2,30
BRDA:45,4,0,24
BRDA:45,4,1,6
BRDA:78,5,0,1
BRDA:78,5,1,4
BRDA:78,6,0,5
BRDA:78,6,1,4
BRDA:81,7,0,1
BRDA:81,7,1,0
BRDA:88,8,0,4
BRDA:88,8,1,0
BRDA:92,9,0,0
BRDA:92,9,1,4
BRDA:102,10,0,3
BRDA:102,10,1,1
BRDA:116,11,0,2
BRDA:116,11,1,2
BRDA:123,12,0,1
BRDA:123,12,1,1
BRDA:147,13,0,1
BRDA:147,13,1,0
BRF:29
BRH:23
end_of_record
TN:
SF:src/routes/api/address/lookup/+server.ts
FN:6,(anonymous_0)
FN:52,(anonymous_1)
FN:85,(anonymous_2)
FNF:3
FNH:3
FNDA:5,(anonymous_0)
FNDA:1,(anonymous_1)
FNDA:3,(anonymous_2)
DA:6,1
DA:7,5
DA:8,5
DA:9,5
DA:12,5
DA:13,1
DA:17,4
DA:25,4
DA:26,1
DA:30,3
DA:31,1
DA:37,2
DA:40,1
DA:52,1
DA:67,4
DA:68,3
DA:71,1
DA:72,1
DA:73,1
DA:75,0
DA:76,0
DA:80,0
DA:85,1
DA:86,3
DA:87,3
DA:88,3
DA:90,3
DA:91,1
DA:94,2
DA:95,1
DA:99,1
DA:126,1
DA:139,2
DA:140,2
DA:143,0
LF:35
LH:31
BRDA:12,0,0,1
BRDA:12,0,1,4
BRDA:12,1,0,5
BRDA:12,1,1,5
BRDA:12,1,2,5
BRDA:12,1,3,4
BRDA:25,2,0,1
BRDA:25,2,1,3
BRDA:30,3,0,1
BRDA:30,3,1,2
BRDA:67,4,0,3
BRDA:67,4,1,1
BRDA:67,5,0,4
BRDA:67,5,1,4
BRDA:67,5,2,4
BRDA:71,6,0,1
BRDA:71,6,1,0
BRDA:72,7,0,1
BRDA:72,7,1,0
BRDA:75,8,0,0
BRDA:75,8,1,0
BRDA:90,9,0,1
BRDA:90,9,1,2
BRDA:94,10,0,1
BRDA:94,10,1,1
BRDA:139,11,0,2
BRDA:139,11,1,0
BRDA:139,12,0,2
BRDA:139,12,1,2
BRDA:139,12,2,2
BRF:30
BRH:25
end_of_record
TN:
SF:src/routes/api/address/verify/+server.ts
FN:5,POST
FN:79,extractCongressionalDistrictFromCensus
FN:104,createRepresentativesFromDistrict
FNF:3
FNH:3
FNDA:7,POST
FNDA:2,extractCongressionalDistrictFromCensus
FNDA:2,createRepresentativesFromDistrict
DA:6,7
DA:7,7
DA:10,7
DA:11,1
DA:18,6
DA:19,6
DA:20,1
DA:27,5
DA:30,5
DA:32,5
DA:34,3
DA:35,0
DA:38,3
DA:41,3
DA:42,1
DA:48,2
DA:51,2
DA:54,2
DA:55,2
DA:57,2
DA:68,2
DA:69,2
DA:80,2
DA:82,2
DA:83,2
DA:84,2
DA:85,2
DA:87,1
DA:89,1
DA:93,0
DA:96,0
DA:107,2
LF:32
LH:29
BRDA:10,0,0,1
BRDA:10,0,1,6
BRDA:10,1,0,7
BRDA:10,1,1,7
BRDA:10,1,2,7
BRDA:10,1,3,7
BRDA:19,2,0,1
BRDA:19,2,1,5
BRDA:34,3,0,0
BRDA:34,3,1,3
BRDA:41,4,0,1
BRDA:41,4,1,2
BRDA:51,5,0,2
BRDA:51,5,1,0
BRDA:83,6,0,2
BRDA:83,6,1,0
BRDA:83,7,0,2
BRDA:83,7,1,2
BRDA:85,8,0,1
BRDA:85,8,1,1
BRF:20
BRH:17
end_of_record
TN:
SF:src/routes/api/analytics/track/+server.ts
FN:7,(anonymous_0)
FN:32,storeAnalyticsEvent
FN:76,forwardToExternalAnalytics
FNF:3
FNH:0
FNDA:0,(anonymous_0)
FNDA:0,storeAnalyticsEvent
FNDA:0,forwardToExternalAnalytics
DA:7,0
DA:8,0
DA:9,0
DA:12,0
DA:21,0
DA:24,0
DA:26,0
DA:28,0
DA:33,0
DA:37,0
DA:39,0
DA:43,0
DA:44,0
DA:45,0
DA:48,0
DA:50,0
DA:51,0
DA:53,0
DA:54,0
DA:56,0
DA:57,0
DA:59,0
DA:60,0
DA:62,0
DA:63,0
DA:66,0
DA:97,0
LF:27
LH:0
BRDA:15,0,0,0
BRDA:15,0,1,0
BRDA:16,1,0,0
BRDA:16,1,1,0
BRDA:37,2,0,0
BRDA:37,2,1,0
BRDA:43,3,0,0
BRDA:43,3,1,0
BRDA:48,4,0,0
BRDA:48,4,1,0
BRDA:48,4,2,0
BRDA:48,4,3,0
BRDA:48,4,4,0
BRDA:50,5,0,0
BRDA:50,5,1,0
BRDA:53,6,0,0
BRDA:53,6,1,0
BRDA:56,7,0,0
BRDA:56,7,1,0
BRDA:59,8,0,0
BRDA:59,8,1,0
BRDA:62,9,0,0
BRDA:62,9,1,0
BRF:23
BRH:0
end_of_record
TN:
SF:src/routes/api/congressional-routing/+server.ts
FN:19,(anonymous_0)
FN:73,parseCongressionalRoutingAddress
FN:106,handleAuthenticatedCongressionalRequest
FN:134,(anonymous_3)
FN:162,handleGuestCongressionalRequest
FN:200,lookupRepresentativesByAddress
FN:222,(anonymous_6)
FN:236,routeToRepresentatives
FN:281,storeGuestCongressionalRequest
FN:285,sendOnboardingEmail
FNF:10
FNH:0
FNDA:0,(anonymous_0)
FNDA:0,parseCongressionalRoutingAddress
FNDA:0,handleAuthenticatedCongressionalRequest
FNDA:0,(anonymous_3)
FNDA:0,handleGuestCongressionalRequest
FNDA:0,lookupRepresentativesByAddress
FNDA:0,(anonymous_6)
FNDA:0,routeToRepresentatives
FNDA:0,storeGuestCongressionalRequest
FNDA:0,sendOnboardingEmail
DA:19,0
DA:20,0
DA:21,0
DA:22,0
DA:25,0
DA:26,0
DA:27,0
DA:30,0
DA:32,0
DA:33,0
DA:36,0
DA:38,0
DA:39,0
DA:41,0
DA:50,0
DA:51,0
DA:53,0
DA:62,0
DA:77,0
DA:78,0
DA:80,0
DA:82,0
DA:83,0
DA:84,0
DA:85,0
DA:87,0
DA:88,0
DA:94,0
DA:95,0
DA:97,0
DA:98,0
DA:118,0
DA:129,0
DA:130,0
DA:134,0
DA:135,0
DA:138,0
DA:147,0
DA:155,0
DA:176,0
DA:185,0
DA:192,0
DA:201,0
DA:202,0
DA:205,0
DA:212,0
DA:215,0
DA:222,0
DA:231,0
DA:232,0
DA:249,0
DA:252,0
DA:257,0
DA:263,0
DA:267,0
DA:268,0
DA:272,0
DA:278,0
LF:58
LH:0
BRDA:26,0,0,0
BRDA:26,0,1,0
BRDA:32,1,0,0
BRDA:32,1,1,0
BRDA:36,2,0,0
BRDA:36,2,1,0
BRDA:38,3,0,0
BRDA:38,3,1,0
BRDA:50,4,0,0
BRDA:50,4,1,0
BRDA:78,5,0,0
BRDA:78,5,1,0
BRDA:82,6,0,0
BRDA:82,6,1,0
BRDA:85,7,0,0
BRDA:85,7,1,0
BRDA:95,8,0,0
BRDA:95,8,1,0
BRDA:129,9,0,0
BRDA:129,9,1,0
BRDA:135,10,0,0
BRDA:135,10,1,0
BRDA:135,11,0,0
BRDA:135,11,1,0
BRDA:139,12,0,0
BRDA:139,12,1,0
BRDA:140,13,0,0
BRDA:140,13,1,0
BRDA:141,14,0,0
BRDA:141,14,1,0
BRDA:206,15,0,0
BRDA:206,15,1,0
BRDA:207,16,0,0
BRDA:207,16,1,0
BRDA:208,17,0,0
BRDA:208,17,1,0
BRDA:209,18,0,0
BRDA:209,18,1,0
BRDA:257,19,0,0
BRDA:257,19,1,0
BRDA:263,20,0,0
BRDA:263,20,1,0
BRF:42
BRH:0
end_of_record
TN:
SF:src/routes/api/create-test-data/+server.ts
FN:4,POST
FNF:1
FNH:0
FNDA:0,POST
DA:5,0
DA:8,0
DA:36,0
DA:38,0
DA:40,0
DA:46,0
DA:47,0
DA:57,0
DA:64,0
LF:9
LH:0
BRDA:46,0,0,0
BRDA:46,0,1,0
BRDA:66,1,0,0
BRDA:66,1,1,0
BRF:4
BRH:0
end_of_record
TN:
SF:src/routes/api/errors/batch/+server.ts
FN:5,(anonymous_0)
FN:19,(anonymous_1)
FNF:2
FNH:0
FNDA:0,(anonymous_0)
FNDA:0,(anonymous_1)
DA:5,0
DA:6,0
DA:7,0
DA:10,0
DA:11,0
DA:15,0
DA:16,0
DA:19,0
DA:35,0
DA:36,0
DA:45,0
DA:51,0
DA:52,0
LF:13
LH:0
BRDA:10,0,0,0
BRDA:10,0,1,0
BRDA:10,1,0,0
BRDA:10,1,1,0
BRDA:15,2,0,0
BRDA:15,2,1,0
BRDA:20,3,0,0
BRDA:20,3,1,0
BRDA:22,4,0,0
BRDA:22,4,1,0
BRDA:23,5,0,0
BRDA:23,5,1,0
BRDA:35,6,0,0
BRDA:35,6,1,0
BRF:14
BRH:0
end_of_record
TN:
SF:src/routes/api/errors/report/+server.ts
FN:5,(anonymous_0)
FNF:1
FNH:0
FNDA:0,(anonymous_0)
DA:5,0
DA:6,0
DA:7,0
DA:10,0
DA:11,0
DA:14,0
DA:29,0
DA:30,0
DA:39,0
DA:45,0
DA:46,0
LF:11
LH:0
BRDA:10,0,0,0
BRDA:10,0,1,0
BRDA:10,1,0,0
BRDA:10,1,1,0
BRDA:15,2,0,0
BRDA:15,2,1,0
BRDA:17,3,0,0
BRDA:17,3,1,0
BRDA:18,4,0,0
BRDA:18,4,1,0
BRDA:23,5,0,0
BRDA:23,5,1,0
BRDA:29,6,0,0
BRDA:29,6,1,0
BRF:14
BRH:0
end_of_record
TN:
SF:src/routes/api/percolation-analysis/+server.ts
FN:5,GET
FNF:1
FNH:0
FNDA:0,GET
DA:6,0
DA:9,0
DA:11,0
DA:12,0
DA:20,0
DA:22,0
DA:25,0
DA:28,0
DA:30,0
DA:47,0
DA:49,0
LF:11
LH:0
BRDA:11,0,0,0
BRDA:11,0,1,0
BRDA:16,1,0,0
BRDA:16,1,1,0
BRDA:17,2,0,0
BRDA:17,2,1,0
BRDA:40,3,0,0
BRDA:40,3,1,0
BRDA:51,4,0,0
BRDA:51,4,1,0
BRDA:54,5,0,0
BRDA:54,5,1,0
BRF:12
BRH:0
end_of_record
TN:
SF:src/routes/api/self-xyz/init/+server.ts
FN:16,(anonymous_0)
FNF:1
FNH:0
FNDA:0,(anonymous_0)
DA:6,0
DA:16,0
DA:17,0
DA:18,0
DA:20,0
DA:21,0
DA:28,0
DA:52,0
DA:55,0
DA:65,0
DA:66,0
DA:67,0
DA:68,0
DA:72,0
DA:79,0
DA:80,0
LF:16
LH:0
BRDA:20,0,0,0
BRDA:20,0,1,0
BRDA:20,1,0,0
BRDA:20,1,1,0
BRDA:31,2,0,0
BRDA:31,2,1,0
BRDA:67,3,0,0
BRDA:67,3,1,0
BRF:8
BRH:0
end_of_record
TN:
SF:src/routes/api/self-xyz/status/[userId]/+server.ts
FN:8,(anonymous_0)
FNF:1
FNH:0
FNDA:0,(anonymous_0)
DA:6,0
DA:8,0
DA:9,0
DA:11,0
DA:12,0
DA:19,0
DA:21,0
DA:22,0
DA:29,0
DA:31,0
DA:33,0
DA:34,0
DA:46,0
LF:13
LH:0
BRDA:11,0,0,0
BRDA:11,0,1,0
BRDA:21,1,0,0
BRDA:21,1,1,0
BRDA:31,2,0,0
BRDA:31,2,1,0
BRDA:31,3,0,0
BRDA:31,3,1,0
BRF:8
BRH:0
end_of_record
TN:
SF:src/routes/api/self-xyz/verify/+server.ts
FN:7,(anonymous_0)
FNF:1
FNH:0
FNDA:0,(anonymous_0)
DA:7,0
DA:8,0
DA:9,0
DA:18,0
DA:34,0
DA:35,0
LF:6
LH:0
BRF:0
BRH:0
end_of_record
TN:
SF:src/routes/api/sheaf-fusion/+server.ts
FN:4,GET
FNF:1
FNH:0
FNDA:0,GET
DA:5,0
DA:6,0
DA:7,0
DA:10,0
DA:12,0
DA:14,0
DA:17,0
DA:36,0
LF:8
LH:0
BRDA:6,0,0,0
BRDA:6,0,1,0
BRDA:7,1,0,0
BRDA:7,1,1,0
BRDA:12,2,0,0
BRDA:12,2,1,0
BRDA:19,3,0,0
BRDA:19,3,1,0
BRDA:38,4,0,0
BRDA:38,4,1,0
BRF:10
BRH:0
end_of_record
TN:
SF:src/routes/api/templates/+server.ts
FN:5,GET
FN:16,(anonymous_1)
FN:41,POST
FNF:3
FNH:0
FNDA:0,GET
FNDA:0,(anonymous_1)
FNDA:0,POST
DA:6,0
DA:7,0
DA:16,0
DA:34,0
DA:37,0
DA:42,0
DA:43,0
DA:46,0
DA:48,0
DA:50,0
DA:58,0
DA:62,0
DA:70,0
DA:73,0
LF:14
LH:0
BRDA:48,0,0,0
BRDA:48,0,1,0
BRF:2
BRH:0
end_of_record
TN:
SF:src/routes/api/templates/[id]/+server.ts
FN:8,(anonymous_0)
FN:57,(anonymous_1)
FN:95,(anonymous_2)
FNF:3
FNH:0
FNDA:0,(anonymous_0)
FNDA:0,(anonymous_1)
FNDA:0,(anonymous_2)
DA:8,0
DA:9,0
DA:10,0
DA:12,0
DA:16,0
DA:17,0
DA:21,0
DA:22,0
DA:25,0
DA:29,0
DA:30,0
DA:34,0
DA:51,0
DA:53,0
DA:57,0
DA:58,0
DA:59,0
DA:60,0
DA:61,0
DA:64,0
DA:65,0
DA:68,0
DA:72,0
DA:73,0
DA:77,0
DA:80,0
DA:81,0
DA:84,0
DA:89,0
DA:91,0
DA:95,0
DA:96,0
DA:97,0
DA:98,0
DA:99,0
DA:102,0
DA:105,0
DA:109,0
DA:110,0
DA:113,0
DA:117,0
DA:119,0
LF:42
LH:0
BRDA:16,0,0,0
BRDA:16,0,1,0
BRDA:21,1,0,0
BRDA:21,1,1,0
BRDA:29,2,0,0
BRDA:29,2,1,0
BRDA:60,3,0,0
BRDA:60,3,1,0
BRDA:72,4,0,0
BRDA:72,4,1,0
BRDA:80,5,0,0
BRDA:80,5,1,0
BRDA:80,6,0,0
BRDA:80,6,1,0
BRDA:98,7,0,0
BRDA:98,7,1,0
BRDA:109,8,0,0
BRDA:109,8,1,0
BRF:18
BRH:0
end_of_record
TN:
SF:src/routes/api/templates/check-slug/+server.ts
FN:6,(anonymous_0)
FN:41,(anonymous_1)
FNF:2
FNH:0
FNDA:0,(anonymous_0)
FNDA:0,(anonymous_1)
DA:6,0
DA:7,0
DA:8,0
DA:9,0
DA:11,0
DA:12,0
DA:16,0
DA:17,0
DA:25,0
DA:26,0
DA:33,0
DA:34,0
DA:39,0
DA:41,0
DA:42,0
DA:46,0
DA:50,0
DA:52,0
DA:59,0
DA:64,0
LF:20
LH:0
BRDA:8,0,0,0
BRDA:8,0,1,0
BRDA:9,1,0,0
BRDA:9,1,1,0
BRDA:11,2,0,0
BRDA:11,2,1,0
BRDA:16,3,0,0
BRDA:16,3,1,0
BRDA:20,4,0,0
BRDA:20,4,1,0
BRDA:25,5,0,0
BRDA:25,5,1,0
BRDA:29,6,0,0
BRDA:29,6,1,0
BRDA:39,7,0,0
BRDA:39,7,1,0
BRDA:50,8,0,0
BRDA:50,8,1,0
BRF:18
BRH:0
end_of_record
TN:
SF:src/routes/api/test-sentiment/+server.ts
FN:4,GET
FNF:1
FNH:0
FNDA:0,GET
DA:5,0
DA:8,0
DA:10,0
DA:17,0
LF:4
LH:0
BRDA:19,0,0,0
BRDA:19,0,1,0
BRF:2
BRH:0
end_of_record
TN:
SF:src/routes/api/test-storage/+server.ts
FN:4,GET
FNF:1
FNH:0
FNDA:0,GET
DA:5,0
DA:7,0
DA:8,0
DA:10,0
LF:4
LH:0
BRDA:7,0,0,0
BRDA:7,0,1,0
BRF:2
BRH:0
end_of_record
TN:
SF:src/routes/api/user/address/+server.ts
FN:4,POST
FN:107,parseAddressString
FN:109,(anonymous_2)
FNF:3
FNH:0
FNDA:0,POST
FNDA:0,parseAddressString
FNDA:0,(anonymous_2)
DA:5,0
DA:7,0
DA:8,0
DA:11,0
DA:14,0
DA:16,0
DA:18,0
DA:19,0
DA:21,0
DA:23,0
DA:27,0
DA:39,0
DA:41,0
DA:46,0
DA:48,0
DA:58,0
DA:59,0
DA:62,0
DA:75,0
DA:79,0
DA:88,0
DA:101,0
DA:109,0
DA:111,0
DA:112,0
DA:113,0
DA:114,0
DA:117,0
DA:118,0
DA:119,0
DA:129,0
LF:31
LH:0
BRDA:7,0,0,0
BRDA:7,0,1,0
BRDA:16,1,0,0
BRDA:16,1,1,0
BRDA:16,2,0,0
BRDA:16,2,1,0
BRDA:16,2,2,0
BRDA:16,2,3,0
BRDA:19,3,0,0
BRDA:19,3,1,0
BRDA:39,4,0,0
BRDA:39,4,1,0
BRDA:39,5,0,0
BRDA:39,5,1,0
BRDA:58,6,0,0
BRDA:58,6,1,0
BRDA:69,7,0,0
BRDA:69,7,1,0
BRDA:70,8,0,0
BRDA:70,8,1,0
BRDA:71,9,0,0
BRDA:71,9,1,0
BRDA:111,10,0,0
BRDA:111,10,1,0
BRDA:118,11,0,0
BRDA:118,11,1,0
BRF:26
BRH:0
end_of_record
TN:
SF:src/routes/api/user/profile/+server.ts
FN:4,POST
FN:54,GET
FNF:2
FNH:0
FNDA:0,POST
FNDA:0,GET
DA:5,0
DA:7,0
DA:8,0
DA:11,0
DA:13,0
DA:14,0
DA:20,0
DA:38,0
DA:48,0
DA:55,0
DA:57,0
DA:58,0
DA:62,0
DA:72,0
DA:73,0
DA:77,0
DA:78,0
DA:79,0
DA:80,0
DA:83,0
DA:87,0
DA:97,0
LF:22
LH:0
BRDA:7,0,0,0
BRDA:7,0,1,0
BRDA:13,1,0,0
BRDA:13,1,1,0
BRDA:13,2,0,0
BRDA:13,2,1,0
BRDA:28,3,0,0
BRDA:28,3,1,0
BRDA:29,4,0,0
BRDA:29,4,1,0
BRDA:31,5,0,0
BRDA:31,5,1,0
BRDA:57,6,0,0
BRDA:57,6,1,0
BRDA:72,7,0,0
BRDA:72,7,1,0
BRDA:78,8,0,0
BRDA:78,8,1,0
BRF:18
BRH:0
end_of_record
TN:
SF:src/routes/api/user/representatives/+server.ts
FN:25,(anonymous_0)
FN:51,(anonymous_1)
FN:106,(anonymous_2)
FN:117,(anonymous_3)
FN:118,(anonymous_4)
FN:158,(anonymous_5)
FN:211,(anonymous_6)
FN:258,(anonymous_7)
FNF:8
FNH:0
FNDA:0,(anonymous_0)
FNDA:0,(anonymous_1)
FNDA:0,(anonymous_2)
FNDA:0,(anonymous_3)
FNDA:0,(anonymous_4)
FNDA:0,(anonymous_5)
FNDA:0,(anonymous_6)
FNDA:0,(anonymous_7)
DA:25,0
DA:26,0
DA:33,0
DA:34,0
DA:37,0
DA:38,0
DA:41,0
DA:42,0
DA:46,0
DA:51,0
DA:53,0
DA:54,0
DA:67,0
DA:72,0
DA:73,0
DA:75,0
DA:76,0
DA:99,0
DA:103,0
DA:106,0
DA:107,0
DA:108,0
DA:117,0
DA:118,0
DA:119,0
DA:128,0
DA:132,0
DA:140,0
DA:149,0
DA:150,0
DA:153,0
DA:158,0
DA:159,0
DA:166,0
DA:168,0
DA:169,0
DA:173,0
DA:188,0
DA:189,0
DA:206,0
DA:211,0
DA:212,0
DA:226,0
DA:227,0
DA:229,0
DA:233,0
DA:249,0
DA:250,0
DA:253,0
DA:258,0
DA:259,0
DA:266,0
DA:267,0
DA:269,0
DA:270,0
DA:274,0
DA:284,0
DA:285,0
DA:289,0
DA:290,0
DA:298,0
DA:308,0
DA:314,0
DA:315,0
DA:319,0
DA:320,0
DA:323,0
LF:67
LH:0
BRDA:37,0,0,0
BRDA:37,0,1,0
BRDA:41,1,0,0
BRDA:41,1,1,0
BRDA:41,2,0,0
BRDA:41,2,1,0
BRDA:41,2,2,0
BRDA:53,3,0,0
BRDA:53,3,1,0
BRDA:107,4,0,0
BRDA:107,4,1,0
BRDA:122,5,0,0
BRDA:122,5,1,0
BRDA:149,6,0,0
BRDA:149,6,1,0
BRDA:149,7,0,0
BRDA:149,7,1,0
BRDA:149,7,2,0
BRDA:168,8,0,0
BRDA:168,8,1,0
BRDA:188,9,0,0
BRDA:188,9,1,0
BRDA:226,10,0,0
BRDA:226,10,1,0
BRDA:249,11,0,0
BRDA:249,11,1,0
BRDA:249,12,0,0
BRDA:249,12,1,0
BRDA:249,12,2,0
BRDA:269,13,0,0
BRDA:269,13,1,0
BRDA:284,14,0,0
BRDA:284,14,1,0
BRDA:284,15,0,0
BRDA:284,15,1,0
BRDA:284,15,2,0
BRDA:284,15,3,0
BRDA:284,15,4,0
BRDA:319,16,0,0
BRDA:319,16,1,0
BRDA:319,17,0,0
BRDA:319,17,1,0
BRDA:319,17,2,0
BRF:43
BRH:0
end_of_record
TN:
SF:src/routes/api/user/templates/+server.ts
FN:5,(anonymous_0)
FNF:1
FNH:0
FNDA:0,(anonymous_0)
DA:5,0
DA:6,0
DA:7,0
DA:8,0
DA:9,0
DA:12,0
DA:21,0
DA:23,0
LF:8
LH:0
BRDA:8,0,0,0
BRDA:8,0,1,0
BRF:2
BRH:0
end_of_record
TN:
SF:src/routes/api/user/verify-identity/+server.ts
FN:12,(anonymous_0)
FN:21,(anonymous_1)
FN:27,(anonymous_2)
FN:44,(anonymous_3)
FN:138,(anonymous_4)
FNF:5
FNH:0
FNDA:0,(anonymous_0)
FNDA:0,(anonymous_1)
FNDA:0,(anonymous_2)
FNDA:0,(anonymous_3)
FNDA:0,(anonymous_4)
DA:14,0
DA:24,0
DA:28,0
DA:33,0
DA:35,0
DA:44,0
DA:45,0
DA:46,0
DA:47,0
DA:50,0
DA:51,0
DA:59,0
DA:66,0
DA:68,0
DA:71,0
DA:72,0
DA:92,0
DA:106,0
DA:118,0
DA:119,0
DA:120,0
DA:128,0
DA:129,0
DA:138,0
DA:139,0
LF:25
LH:0
BRDA:37,0,0,0
BRDA:37,0,1,0
BRDA:50,1,0,0
BRDA:50,1,1,0
BRDA:50,2,0,0
BRDA:50,2,1,0
BRDA:50,2,2,0
BRDA:50,2,3,0
BRDA:66,3,0,0
BRDA:66,3,1,0
BRDA:71,4,0,0
BRDA:71,4,1,0
BRDA:101,5,0,0
BRDA:101,5,1,0
BRDA:118,6,0,0
BRDA:118,6,1,0
BRDA:132,7,0,0
BRDA:132,7,1,0
BRF:18
BRH:0
end_of_record
